$ python src/train.py fasterrcnn_resnet50 extended
2026-01-21 14:37:20,941 - cv.datasets - INFO - Utilizzo il dataset base
2026-01-21 14:37:20,941 - cv.datasets - INFO - Dataset Penn-Fudan già presente.
2026-01-21 14:37:20,944 - cv.datasets - INFO - Utilizzo il dataset extended
2026-01-21 14:37:20,972 - cv.datasets - INFO - Trovati 423 oggetti in 170 immagini.
2026-01-21 14:37:20,990 - cv.train - INFO - CUDA disponibile. Uso la GPU.
[epoch 1] loss=0.308 in 101.1sec
[quick_eval] detections >= 0.5: 1
2026-01-21 14:39:04,013 - cv.train - INFO - New best model found at epoch 1 with loss 0.308 (previous best was 999.000).
2026-01-21 14:39:04,240 - cv.train - INFO - New best model saved to train-1epoch-0.308-20260121-14:37.pth (0.308 < 999.000).
[epoch 2] loss=0.257 in 101.8sec
[quick_eval] detections >= 0.5: 1
2026-01-21 14:40:47,298 - cv.train - INFO - New best model found at epoch 2 with loss 0.257 (previous best was 0.308).
2026-01-21 14:40:47,299 - cv.train - INFO - Removing previous best model file train-1epoch-0.308-20260121-14:37.pth.
2026-01-21 14:40:47,536 - cv.train - INFO - New best model saved to train-2epoch-0.257-20260121-14:37.pth (0.257 < 0.308).
[epoch 3] loss=0.048 in 101.5sec
[quick_eval] detections >= 0.5: 1
2026-01-21 14:42:30,024 - cv.train - INFO - New best model found at epoch 3 with loss 0.048 (previous best was 0.257).
2026-01-21 14:42:30,024 - cv.train - INFO - Removing previous best model file train-2epoch-0.257-20260121-14:37.pth.
2026-01-21 14:42:30,260 - cv.train - INFO - New best model saved to train-3epoch-0.048-20260121-14:37.pth (0.048 < 0.257).
[epoch 4] loss=0.071 in 100.3sec
[quick_eval] detections >= 0.5: 1
[epoch 5] loss=0.184 in 100.5sec
[quick_eval] detections >= 0.5: 1
[epoch 6] loss=0.041 in 100.8sec
[quick_eval] detections >= 0.5: 1
2026-01-21 14:47:35,337 - cv.train - INFO - New best model found at epoch 6 with loss 0.041 (previous best was 0.048).
2026-01-21 14:47:35,337 - cv.train - INFO - Removing previous best model file train-3epoch-0.048-20260121-14:37.pth.
2026-01-21 14:47:35,581 - cv.train - INFO - New best model saved to train-6epoch-0.041-20260121-14:37.pth (0.041 < 0.048).
[epoch 7] loss=0.091 in 101.6sec
[quick_eval] detections >= 0.5: 1
[epoch 8] loss=0.074 in 101.5sec
[quick_eval] detections >= 0.5: 1
[epoch 9] loss=0.098 in 100.8sec
[quick_eval] detections >= 0.5: 1
[epoch 10] loss=0.043 in 102.1sec
[quick_eval] detections >= 0.5: 1
[epoch 11] loss=0.057 in 101.4sec
[quick_eval] detections >= 0.5: 1
[epoch 12] loss=0.093 in 102.1sec
[quick_eval] detections >= 0.5: 1
[epoch 13] loss=0.080 in 101.7sec
[quick_eval] detections >= 0.5: 1
[epoch 14] loss=0.043 in 100.1sec
[quick_eval] detections >= 0.5: 1
[epoch 15] loss=0.073 in 100.7sec
[quick_eval] detections >= 0.5: 1
[epoch 16] loss=0.054 in 100.0sec
[quick_eval] detections >= 0.5: 1
[epoch 17] loss=0.032 in 100.4sec
[quick_eval] detections >= 0.5: 1
2026-01-21 15:06:21,435 - cv.train - INFO - New best model found at epoch 17 with loss 0.032 (previous best was 0.041).
2026-01-21 15:06:21,435 - cv.train - INFO - Removing previous best model file train-6epoch-0.041-20260121-14:37.pth.
2026-01-21 15:06:21,667 - cv.train - INFO - New best model saved to train-17epoch-0.032-20260121-14:37.pth (0.032 < 0.041).
[epoch 18] loss=0.100 in 100.4sec
[quick_eval] detections >= 0.5: 1
[epoch 19] loss=0.039 in 100.8sec
[quick_eval] detections >= 0.5: 1
[epoch 20] loss=0.023 in 99.6sec
[quick_eval] detections >= 0.5: 1
2026-01-21 15:11:25,871 - cv.train - INFO - New best model found at epoch 20 with loss 0.023 (previous best was 0.032).
2026-01-21 15:11:25,871 - cv.train - INFO - Removing previous best model file train-17epoch-0.032-20260121-14:37.pth.
2026-01-21 15:11:26,104 - cv.train - INFO - New best model saved to train-20epoch-0.023-20260121-14:37.pth (0.023 < 0.032).
[epoch 21] loss=0.023 in 100.3sec
[quick_eval] detections >= 0.5: 1
2026-01-21 15:13:07,484 - cv.train - INFO - New best model found at epoch 21 with loss 0.023 (previous best was 0.023).
2026-01-21 15:13:07,484 - cv.train - INFO - Removing previous best model file train-20epoch-0.023-20260121-14:37.pth.
2026-01-21 15:13:07,716 - cv.train - INFO - New best model saved to train-21epoch-0.023-20260121-14:37.pth (0.023 < 0.023).
[epoch 22] loss=0.019 in 100.3sec
[quick_eval] detections >= 0.5: 1
2026-01-21 15:14:49,085 - cv.train - INFO - New best model found at epoch 22 with loss 0.019 (previous best was 0.023).
2026-01-21 15:14:49,085 - cv.train - INFO - Removing previous best model file train-21epoch-0.023-20260121-14:37.pth.
2026-01-21 15:14:49,318 - cv.train - INFO - New best model saved to train-22epoch-0.019-20260121-14:37.pth (0.019 < 0.023).
[epoch 23] loss=0.057 in 102.1sec
[quick_eval] detections >= 0.5: 1
[epoch 24] loss=0.025 in 101.6sec
[quick_eval] detections >= 0.5: 1
[epoch 25] loss=0.026 in 100.6sec
[quick_eval] detections >= 0.5: 1
[epoch 26] loss=0.033 in 101.5sec
[quick_eval] detections >= 0.5: 1
[epoch 27] loss=0.047 in 100.5sec
[quick_eval] detections >= 0.5: 1
[epoch 28] loss=0.067 in 101.3sec
[quick_eval] detections >= 0.5: 1
[epoch 29] loss=0.039 in 100.4sec
[quick_eval] detections >= 0.5: 1
[epoch 30] loss=0.040 in 101.5sec
[quick_eval] detections >= 0.5: 1
