2026-01-27 09:56:43,139 - cv.train - INFO - [epoch 1] loss=0.290 in 9.5sec
2026-01-27 09:56:43,294 - cv.train - INFO - [quick_eval] detections >= 0.5: 1
2026-01-27 09:56:43,294 - cv.train - INFO - New best model found at epoch 1 with loss 0.290 (previous best was 999.000).
2026-01-27 09:56:43,621 - cv.train - INFO - New best model saved to fasterrcnn_resnet50-1epoch-0.290-20260127-0956.pth (0.290 < 999.000).
2026-01-27 09:56:47,536 - cv.train - INFO - [epoch 2] loss=0.076 in 3.9sec
2026-01-27 09:56:47,615 - cv.train - INFO - [quick_eval] detections >= 0.5: 1
2026-01-27 09:56:47,615 - cv.train - INFO - New best model found at epoch 2 with loss 0.076 (previous best was 0.290).
2026-01-27 09:56:47,615 - cv.train - INFO - Removing previous best model file fasterrcnn_resnet50-1epoch-0.290-20260127-0956.pth.
2026-01-27 09:56:47,910 - cv.train - INFO - New best model saved to fasterrcnn_resnet50-2epoch-0.076-20260127-0956.pth (0.076 < 0.290).
2026-01-27 09:56:51,779 - cv.train - INFO - [epoch 3] loss=0.232 in 3.9sec
2026-01-27 09:56:51,857 - cv.train - INFO - [quick_eval] detections >= 0.5: 1
2026-01-27 09:56:55,485 - cv.train - INFO - [epoch 4] loss=0.137 in 3.6sec
2026-01-27 09:56:55,562 - cv.train - INFO - [quick_eval] detections >= 0.5: 1
2026-01-27 09:56:59,017 - cv.train - INFO - [epoch 5] loss=0.166 in 3.5sec
2026-01-27 09:56:59,094 - cv.train - INFO - [quick_eval] detections >= 0.5: 1
2026-01-27 09:57:02,449 - cv.train - INFO - [epoch 6] loss=0.091 in 3.4sec
2026-01-27 09:57:02,529 - cv.train - INFO - [quick_eval] detections >= 0.5: 1
2026-01-27 09:57:06,014 - cv.train - INFO - [epoch 7] loss=0.031 in 3.5sec
2026-01-27 09:57:06,094 - cv.train - INFO - [quick_eval] detections >= 0.5: 1
2026-01-27 09:57:06,095 - cv.train - INFO - New best model found at epoch 7 with loss 0.031 (previous best was 0.076).
2026-01-27 09:57:06,095 - cv.train - INFO - Removing previous best model file fasterrcnn_resnet50-2epoch-0.076-20260127-0956.pth.
2026-01-27 09:57:06,413 - cv.train - INFO - New best model saved to fasterrcnn_resnet50-7epoch-0.031-20260127-0956.pth (0.031 < 0.076).
2026-01-27 09:57:09,872 - cv.train - INFO - [epoch 8] loss=0.096 in 3.5sec
2026-01-27 09:57:09,953 - cv.train - INFO - [quick_eval] detections >= 0.5: 1
2026-01-27 09:57:13,241 - cv.train - INFO - [epoch 9] loss=0.060 in 3.3sec
2026-01-27 09:57:13,323 - cv.train - INFO - [quick_eval] detections >= 0.5: 1
2026-01-27 09:57:16,559 - cv.train - INFO - [epoch 10] loss=0.065 in 3.2sec
2026-01-27 09:57:16,638 - cv.train - INFO - [quick_eval] detections >= 0.5: 1
2026-01-27 09:57:19,962 - cv.train - INFO - [epoch 11] loss=0.047 in 3.3sec
2026-01-27 09:57:20,049 - cv.train - INFO - [quick_eval] detections >= 0.5: 1
2026-01-27 09:57:23,241 - cv.train - INFO - [epoch 12] loss=0.078 in 3.2sec
2026-01-27 09:57:23,324 - cv.train - INFO - [quick_eval] detections >= 0.5: 1
2026-01-27 09:57:26,671 - cv.train - INFO - [epoch 13] loss=0.074 in 3.3sec
2026-01-27 09:57:26,751 - cv.train - INFO - [quick_eval] detections >= 0.5: 1
2026-01-27 09:57:30,015 - cv.train - INFO - [epoch 14] loss=0.025 in 3.3sec
2026-01-27 09:57:30,113 - cv.train - INFO - [quick_eval] detections >= 0.5: 1
2026-01-27 09:57:30,114 - cv.train - INFO - New best model found at epoch 14 with loss 0.025 (previous best was 0.031).
2026-01-27 09:57:30,114 - cv.train - INFO - Removing previous best model file fasterrcnn_resnet50-7epoch-0.031-20260127-0956.pth.
2026-01-27 09:57:30,486 - cv.train - INFO - New best model saved to fasterrcnn_resnet50-14epoch-0.025-20260127-0956.pth (0.025 < 0.031).
2026-01-27 09:57:33,930 - cv.train - INFO - [epoch 15] loss=0.068 in 3.4sec
2026-01-27 09:57:34,031 - cv.train - INFO - [quick_eval] detections >= 0.5: 1
2026-01-27 09:57:37,297 - cv.train - INFO - [epoch 16] loss=0.051 in 3.3sec
2026-01-27 09:57:37,394 - cv.train - INFO - [quick_eval] detections >= 0.5: 1
2026-01-27 09:57:40,736 - cv.train - INFO - [epoch 17] loss=0.048 in 3.3sec
2026-01-27 09:57:40,831 - cv.train - INFO - [quick_eval] detections >= 0.5: 1
2026-01-27 09:57:43,999 - cv.train - INFO - [epoch 18] loss=0.088 in 3.2sec
2026-01-27 09:57:44,094 - cv.train - INFO - [quick_eval] detections >= 0.5: 1
2026-01-27 09:57:47,360 - cv.train - INFO - [epoch 19] loss=0.072 in 3.3sec
2026-01-27 09:57:47,454 - cv.train - INFO - [quick_eval] detections >= 0.5: 1
2026-01-27 09:57:50,728 - cv.train - INFO - [epoch 20] loss=0.066 in 3.3sec
2026-01-27 09:57:50,830 - cv.train - INFO - [quick_eval] detections >= 0.5: 1
2026-01-27 09:57:54,111 - cv.train - INFO - [epoch 21] loss=0.025 in 3.3sec
2026-01-27 09:57:54,216 - cv.train - INFO - [quick_eval] detections >= 0.5: 1
2026-01-27 09:57:57,457 - cv.train - INFO - [epoch 22] loss=0.035 in 3.2sec
2026-01-27 09:57:57,558 - cv.train - INFO - [quick_eval] detections >= 0.5: 1
2026-01-27 09:58:00,875 - cv.train - INFO - [epoch 23] loss=0.062 in 3.3sec
2026-01-27 09:58:00,979 - cv.train - INFO - [quick_eval] detections >= 0.5: 1
2026-01-27 09:58:04,180 - cv.train - INFO - [epoch 24] loss=0.022 in 3.2sec
2026-01-27 09:58:04,282 - cv.train - INFO - [quick_eval] detections >= 0.5: 1
2026-01-27 09:58:04,283 - cv.train - INFO - New best model found at epoch 24 with loss 0.022 (previous best was 0.025).
2026-01-27 09:58:04,283 - cv.train - INFO - Removing previous best model file fasterrcnn_resnet50-14epoch-0.025-20260127-0956.pth.
2026-01-27 09:58:04,589 - cv.train - INFO - New best model saved to fasterrcnn_resnet50-24epoch-0.022-20260127-0956.pth (0.022 < 0.025).
2026-01-27 09:58:07,859 - cv.train - INFO - [epoch 25] loss=0.046 in 3.3sec
2026-01-27 09:58:07,966 - cv.train - INFO - [quick_eval] detections >= 0.5: 1
2026-01-27 09:58:11,190 - cv.train - INFO - [epoch 26] loss=0.032 in 3.2sec
2026-01-27 09:58:11,284 - cv.train - INFO - [quick_eval] detections >= 0.5: 1
2026-01-27 09:58:14,510 - cv.train - INFO - [epoch 27] loss=0.024 in 3.2sec
2026-01-27 09:58:14,605 - cv.train - INFO - [quick_eval] detections >= 0.5: 1
2026-01-27 09:58:17,779 - cv.train - INFO - [epoch 28] loss=0.039 in 3.2sec
2026-01-27 09:58:17,873 - cv.train - INFO - [quick_eval] detections >= 0.5: 1
2026-01-27 09:58:21,086 - cv.train - INFO - [epoch 29] loss=0.065 in 3.2sec
2026-01-27 09:58:21,173 - cv.train - INFO - [quick_eval] detections >= 0.5: 1
2026-01-27 09:58:24,338 - cv.train - INFO - [epoch 30] loss=0.075 in 3.2sec
2026-01-27 09:58:24,435 - cv.train - INFO - [quick_eval] detections >= 0.5: 1
2026-01-27 09:58:27,733 - cv.train - INFO - [epoch 31] loss=0.038 in 3.3sec
2026-01-27 09:58:27,828 - cv.train - INFO - [quick_eval] detections >= 0.5: 1
2026-01-27 09:58:31,038 - cv.train - INFO - [epoch 32] loss=0.093 in 3.2sec
2026-01-27 09:58:31,134 - cv.train - INFO - [quick_eval] detections >= 0.5: 1
2026-01-27 09:58:34,378 - cv.train - INFO - [epoch 33] loss=0.030 in 3.2sec
2026-01-27 09:58:34,473 - cv.train - INFO - [quick_eval] detections >= 0.5: 1
2026-01-27 09:58:37,801 - cv.train - INFO - [epoch 34] loss=0.014 in 3.3sec
2026-01-27 09:58:37,898 - cv.train - INFO - [quick_eval] detections >= 0.5: 1
2026-01-27 09:58:37,898 - cv.train - INFO - New best model found at epoch 34 with loss 0.014 (previous best was 0.022).
2026-01-27 09:58:37,898 - cv.train - INFO - Removing previous best model file fasterrcnn_resnet50-24epoch-0.022-20260127-0956.pth.
2026-01-27 09:58:38,202 - cv.train - INFO - New best model saved to fasterrcnn_resnet50-34epoch-0.014-20260127-0956.pth (0.014 < 0.022).
2026-01-27 09:58:41,401 - cv.train - INFO - [epoch 35] loss=0.025 in 3.2sec
2026-01-27 09:58:41,499 - cv.train - INFO - [quick_eval] detections >= 0.5: 1
2026-01-27 09:58:44,664 - cv.train - INFO - [epoch 36] loss=0.025 in 3.2sec
2026-01-27 09:58:44,758 - cv.train - INFO - [quick_eval] detections >= 0.5: 1
2026-01-27 09:58:47,921 - cv.train - INFO - [epoch 37] loss=0.035 in 3.2sec
2026-01-27 09:58:48,016 - cv.train - INFO - [quick_eval] detections >= 0.5: 1
2026-01-27 09:58:51,262 - cv.train - INFO - [epoch 38] loss=0.026 in 3.2sec
2026-01-27 09:58:51,357 - cv.train - INFO - [quick_eval] detections >= 0.5: 1
2026-01-27 09:58:54,540 - cv.train - INFO - [epoch 39] loss=0.077 in 3.2sec
2026-01-27 09:58:54,635 - cv.train - INFO - [quick_eval] detections >= 0.5: 1
2026-01-27 09:58:57,787 - cv.train - INFO - [epoch 40] loss=0.045 in 3.2sec
2026-01-27 09:58:57,883 - cv.train - INFO - [quick_eval] detections >= 0.5: 1
2026-01-27 09:59:01,083 - cv.train - INFO - [epoch 41] loss=0.024 in 3.2sec
2026-01-27 09:59:01,181 - cv.train - INFO - [quick_eval] detections >= 0.5: 1
2026-01-27 09:59:04,355 - cv.train - INFO - [epoch 42] loss=0.012 in 3.2sec
2026-01-27 09:59:04,452 - cv.train - INFO - [quick_eval] detections >= 0.5: 1
2026-01-27 09:59:04,453 - cv.train - INFO - New best model found at epoch 42 with loss 0.012 (previous best was 0.014).
2026-01-27 09:59:04,453 - cv.train - INFO - Removing previous best model file fasterrcnn_resnet50-34epoch-0.014-20260127-0956.pth.
2026-01-27 09:59:04,757 - cv.train - INFO - New best model saved to fasterrcnn_resnet50-42epoch-0.012-20260127-0956.pth (0.012 < 0.014).
2026-01-27 09:59:07,952 - cv.train - INFO - [epoch 43] loss=0.017 in 3.2sec
2026-01-27 09:59:08,049 - cv.train - INFO - [quick_eval] detections >= 0.5: 1
2026-01-27 09:59:11,217 - cv.train - INFO - [epoch 44] loss=0.058 in 3.2sec
2026-01-27 09:59:11,314 - cv.train - INFO - [quick_eval] detections >= 0.5: 1
2026-01-27 09:59:14,493 - cv.train - INFO - [epoch 45] loss=0.042 in 3.2sec
2026-01-27 09:59:14,582 - cv.train - INFO - [quick_eval] detections >= 0.5: 1
2026-01-27 09:59:17,790 - cv.train - INFO - [epoch 46] loss=0.051 in 3.2sec
2026-01-27 09:59:17,881 - cv.train - INFO - [quick_eval] detections >= 0.5: 1
2026-01-27 09:59:21,022 - cv.train - INFO - [epoch 47] loss=0.038 in 3.1sec
2026-01-27 09:59:21,113 - cv.train - INFO - [quick_eval] detections >= 0.5: 1
2026-01-27 09:59:24,305 - cv.train - INFO - [epoch 48] loss=0.029 in 3.2sec
2026-01-27 09:59:24,404 - cv.train - INFO - [quick_eval] detections >= 0.5: 1
2026-01-27 09:59:27,598 - cv.train - INFO - [epoch 49] loss=0.012 in 3.2sec
2026-01-27 09:59:27,696 - cv.train - INFO - [quick_eval] detections >= 0.5: 1
2026-01-27 09:59:30,871 - cv.train - INFO - [epoch 50] loss=0.023 in 3.2sec
2026-01-27 09:59:30,975 - cv.train - INFO - [quick_eval] detections >= 0.5: 1
2026-01-27 09:59:34,228 - cv.train - INFO - [epoch 51] loss=0.016 in 3.3sec
2026-01-27 09:59:34,328 - cv.train - INFO - [quick_eval] detections >= 0.5: 1
2026-01-27 09:59:37,483 - cv.train - INFO - [epoch 52] loss=0.023 in 3.2sec
2026-01-27 09:59:37,575 - cv.train - INFO - [quick_eval] detections >= 0.5: 1
2026-01-27 09:59:40,711 - cv.train - INFO - [epoch 53] loss=0.038 in 3.1sec
2026-01-27 09:59:40,808 - cv.train - INFO - [quick_eval] detections >= 0.5: 1
2026-01-27 09:59:43,938 - cv.train - INFO - [epoch 54] loss=0.060 in 3.1sec
2026-01-27 09:59:44,027 - cv.train - INFO - [quick_eval] detections >= 0.5: 1
2026-01-27 09:59:47,171 - cv.train - INFO - [epoch 55] loss=0.029 in 3.1sec
2026-01-27 09:59:47,268 - cv.train - INFO - [quick_eval] detections >= 0.5: 1
2026-01-27 09:59:50,427 - cv.train - INFO - [epoch 56] loss=0.022 in 3.2sec
2026-01-27 09:59:50,517 - cv.train - INFO - [quick_eval] detections >= 0.5: 1
2026-01-27 09:59:53,655 - cv.train - INFO - [epoch 57] loss=0.016 in 3.1sec
2026-01-27 09:59:53,742 - cv.train - INFO - [quick_eval] detections >= 0.5: 1
2026-01-27 09:59:56,873 - cv.train - INFO - [epoch 58] loss=0.020 in 3.1sec
2026-01-27 09:59:56,964 - cv.train - INFO - [quick_eval] detections >= 0.5: 1
2026-01-27 10:00:00,238 - cv.train - INFO - [epoch 59] loss=0.028 in 3.3sec
2026-01-27 10:00:00,326 - cv.train - INFO - [quick_eval] detections >= 0.5: 1
2026-01-27 10:00:03,461 - cv.train - INFO - [epoch 60] loss=0.029 in 3.1sec
2026-01-27 10:00:03,550 - cv.train - INFO - [quick_eval] detections >= 0.5: 1
2026-01-27 10:00:06,716 - cv.train - INFO - [epoch 61] loss=0.045 in 3.2sec
2026-01-27 10:00:06,806 - cv.train - INFO - [quick_eval] detections >= 0.5: 1
2026-01-27 10:00:10,000 - cv.train - INFO - [epoch 62] loss=0.033 in 3.2sec
2026-01-27 10:00:10,096 - cv.train - INFO - [quick_eval] detections >= 0.5: 1
2026-01-27 10:00:13,274 - cv.train - INFO - [epoch 63] loss=0.017 in 3.2sec
2026-01-27 10:00:13,374 - cv.train - INFO - [quick_eval] detections >= 0.5: 1
2026-01-27 10:00:16,581 - cv.train - INFO - [epoch 64] loss=0.010 in 3.2sec
2026-01-27 10:00:16,676 - cv.train - INFO - [quick_eval] detections >= 0.5: 1
2026-01-27 10:00:16,677 - cv.train - INFO - New best model found at epoch 64 with loss 0.010 (previous best was 0.012).
2026-01-27 10:00:16,677 - cv.train - INFO - Removing previous best model file fasterrcnn_resnet50-42epoch-0.012-20260127-0956.pth.
2026-01-27 10:00:16,980 - cv.train - INFO - New best model saved to fasterrcnn_resnet50-64epoch-0.010-20260127-0956.pth (0.010 < 0.012).
2026-01-27 10:00:20,166 - cv.train - INFO - [epoch 65] loss=0.020 in 3.2sec
2026-01-27 10:00:20,264 - cv.train - INFO - [quick_eval] detections >= 0.5: 1
2026-01-27 10:00:23,485 - cv.train - INFO - [epoch 66] loss=0.021 in 3.2sec
2026-01-27 10:00:23,591 - cv.train - INFO - [quick_eval] detections >= 0.5: 1
2026-01-27 10:00:26,768 - cv.train - INFO - [epoch 67] loss=0.013 in 3.2sec
2026-01-27 10:00:26,863 - cv.train - INFO - [quick_eval] detections >= 0.5: 1
2026-01-27 10:00:30,089 - cv.train - INFO - [epoch 68] loss=0.009 in 3.2sec
2026-01-27 10:00:30,187 - cv.train - INFO - [quick_eval] detections >= 0.5: 1
2026-01-27 10:00:30,188 - cv.train - INFO - New best model found at epoch 68 with loss 0.009 (previous best was 0.010).
2026-01-27 10:00:30,188 - cv.train - INFO - Removing previous best model file fasterrcnn_resnet50-64epoch-0.010-20260127-0956.pth.
2026-01-27 10:00:30,515 - cv.train - INFO - New best model saved to fasterrcnn_resnet50-68epoch-0.009-20260127-0956.pth (0.009 < 0.010).
2026-01-27 10:00:33,660 - cv.train - INFO - [epoch 69] loss=0.020 in 3.1sec
2026-01-27 10:00:33,755 - cv.train - INFO - [quick_eval] detections >= 0.5: 1
2026-01-27 10:00:36,948 - cv.train - INFO - [epoch 70] loss=0.012 in 3.2sec
2026-01-27 10:00:37,042 - cv.train - INFO - [quick_eval] detections >= 0.5: 1
2026-01-27 10:00:40,226 - cv.train - INFO - [epoch 71] loss=0.023 in 3.2sec
2026-01-27 10:00:40,323 - cv.train - INFO - [quick_eval] detections >= 0.5: 1
2026-01-27 10:00:43,508 - cv.train - INFO - [epoch 72] loss=0.014 in 3.2sec
2026-01-27 10:00:43,606 - cv.train - INFO - [quick_eval] detections >= 0.5: 1
2026-01-27 10:00:46,762 - cv.train - INFO - [epoch 73] loss=0.009 in 3.2sec
2026-01-27 10:00:46,859 - cv.train - INFO - [quick_eval] detections >= 0.5: 1
2026-01-27 10:00:46,859 - cv.train - INFO - New best model found at epoch 73 with loss 0.009 (previous best was 0.009).
2026-01-27 10:00:46,860 - cv.train - INFO - Removing previous best model file fasterrcnn_resnet50-68epoch-0.009-20260127-0956.pth.
2026-01-27 10:00:47,178 - cv.train - INFO - New best model saved to fasterrcnn_resnet50-73epoch-0.009-20260127-0956.pth (0.009 < 0.009).
2026-01-27 10:00:50,382 - cv.train - INFO - [epoch 74] loss=0.029 in 3.2sec
2026-01-27 10:00:50,478 - cv.train - INFO - [quick_eval] detections >= 0.5: 1
2026-01-27 10:00:53,717 - cv.train - INFO - [epoch 75] loss=0.027 in 3.2sec
2026-01-27 10:00:53,820 - cv.train - INFO - [quick_eval] detections >= 0.5: 1
2026-01-27 10:00:57,027 - cv.train - INFO - [epoch 76] loss=0.013 in 3.2sec
2026-01-27 10:00:57,124 - cv.train - INFO - [quick_eval] detections >= 0.5: 1
2026-01-27 10:01:00,308 - cv.train - INFO - [epoch 77] loss=0.011 in 3.2sec
2026-01-27 10:01:00,416 - cv.train - INFO - [quick_eval] detections >= 0.5: 1
2026-01-27 10:01:03,593 - cv.train - INFO - [epoch 78] loss=0.022 in 3.2sec
2026-01-27 10:01:03,688 - cv.train - INFO - [quick_eval] detections >= 0.5: 1
2026-01-27 10:01:06,834 - cv.train - INFO - [epoch 79] loss=0.028 in 3.1sec
2026-01-27 10:01:06,935 - cv.train - INFO - [quick_eval] detections >= 0.5: 1
2026-01-27 10:01:10,102 - cv.train - INFO - [epoch 80] loss=0.025 in 3.2sec
2026-01-27 10:01:10,191 - cv.train - INFO - [quick_eval] detections >= 0.5: 1
2026-01-27 10:01:13,327 - cv.train - INFO - [epoch 81] loss=0.021 in 3.1sec
2026-01-27 10:01:13,424 - cv.train - INFO - [quick_eval] detections >= 0.5: 1
2026-01-27 10:01:16,567 - cv.train - INFO - [epoch 82] loss=0.010 in 3.1sec
2026-01-27 10:01:16,656 - cv.train - INFO - [quick_eval] detections >= 0.5: 1
2026-01-27 10:01:19,796 - cv.train - INFO - [epoch 83] loss=0.017 in 3.1sec
2026-01-27 10:01:19,884 - cv.train - INFO - [quick_eval] detections >= 0.5: 1
2026-01-27 10:01:23,066 - cv.train - INFO - [epoch 84] loss=0.013 in 3.2sec
2026-01-27 10:01:23,163 - cv.train - INFO - [quick_eval] detections >= 0.5: 1
2026-01-27 10:01:26,355 - cv.train - INFO - [epoch 85] loss=0.011 in 3.2sec
2026-01-27 10:01:26,458 - cv.train - INFO - [quick_eval] detections >= 0.5: 1
2026-01-27 10:01:29,642 - cv.train - INFO - [epoch 86] loss=0.040 in 3.2sec
2026-01-27 10:01:29,749 - cv.train - INFO - [quick_eval] detections >= 0.5: 1
2026-01-27 10:01:32,916 - cv.train - INFO - [epoch 87] loss=0.026 in 3.2sec
2026-01-27 10:01:33,020 - cv.train - INFO - [quick_eval] detections >= 0.5: 1
2026-01-27 10:01:36,200 - cv.train - INFO - [epoch 88] loss=0.017 in 3.2sec
2026-01-27 10:01:36,298 - cv.train - INFO - [quick_eval] detections >= 0.5: 1
2026-01-27 10:01:39,476 - cv.train - INFO - [epoch 89] loss=0.023 in 3.2sec
2026-01-27 10:01:39,575 - cv.train - INFO - [quick_eval] detections >= 0.5: 1
2026-01-27 10:01:42,723 - cv.train - INFO - [epoch 90] loss=0.010 in 3.1sec
2026-01-27 10:01:42,815 - cv.train - INFO - [quick_eval] detections >= 0.5: 1
2026-01-27 10:01:45,996 - cv.train - INFO - [epoch 91] loss=0.017 in 3.2sec
2026-01-27 10:01:46,095 - cv.train - INFO - [quick_eval] detections >= 0.5: 1
2026-01-27 10:01:49,264 - cv.train - INFO - [epoch 92] loss=0.023 in 3.2sec
2026-01-27 10:01:49,361 - cv.train - INFO - [quick_eval] detections >= 0.5: 1
2026-01-27 10:01:52,575 - cv.train - INFO - [epoch 93] loss=0.007 in 3.2sec
2026-01-27 10:01:52,667 - cv.train - INFO - [quick_eval] detections >= 0.5: 1
2026-01-27 10:01:52,668 - cv.train - INFO - New best model found at epoch 93 with loss 0.007 (previous best was 0.009).
2026-01-27 10:01:52,668 - cv.train - INFO - Removing previous best model file fasterrcnn_resnet50-73epoch-0.009-20260127-0956.pth.
2026-01-27 10:01:52,993 - cv.train - INFO - New best model saved to fasterrcnn_resnet50-93epoch-0.007-20260127-0956.pth (0.007 < 0.009).
2026-01-27 10:01:56,122 - cv.train - INFO - [epoch 94] loss=0.027 in 3.1sec
2026-01-27 10:01:56,214 - cv.train - INFO - [quick_eval] detections >= 0.5: 1
2026-01-27 10:01:59,349 - cv.train - INFO - [epoch 95] loss=0.044 in 3.1sec
2026-01-27 10:01:59,443 - cv.train - INFO - [quick_eval] detections >= 0.5: 1
2026-01-27 10:02:02,591 - cv.train - INFO - [epoch 96] loss=0.017 in 3.1sec
2026-01-27 10:02:02,680 - cv.train - INFO - [quick_eval] detections >= 0.5: 1
2026-01-27 10:02:05,817 - cv.train - INFO - [epoch 97] loss=0.024 in 3.1sec
2026-01-27 10:02:05,909 - cv.train - INFO - [quick_eval] detections >= 0.5: 1
2026-01-27 10:02:09,053 - cv.train - INFO - [epoch 98] loss=0.016 in 3.1sec
2026-01-27 10:02:09,144 - cv.train - INFO - [quick_eval] detections >= 0.5: 1
2026-01-27 10:02:12,298 - cv.train - INFO - [epoch 99] loss=0.034 in 3.2sec
2026-01-27 10:02:12,387 - cv.train - INFO - [quick_eval] detections >= 0.5: 1
2026-01-27 10:02:15,532 - cv.train - INFO - [epoch 100] loss=0.013 in 3.1sec
2026-01-27 10:02:15,623 - cv.train - INFO - [quick_eval] detections >= 0.5: 1
