2026-01-27 10:02:53,393 - cv.train - INFO - [epoch 1] loss=2.582 in 11.3sec
2026-01-27 10:02:54,102 - cv.train - INFO - [quick_eval] detections >= 0.5: 1
2026-01-27 10:02:54,103 - cv.train - INFO - New best model found at epoch 1 with loss 2.582 (previous best was 999.000).
2026-01-27 10:02:54,335 - cv.train - INFO - New best model saved to ssd300_vgg16-1epoch-2.582-20260127-1002.pth (2.582 < 999.000).
2026-01-27 10:02:55,307 - cv.train - INFO - [epoch 2] loss=2.119 in 1.0sec
2026-01-27 10:02:55,400 - cv.train - INFO - [quick_eval] detections >= 0.5: 1
2026-01-27 10:02:55,400 - cv.train - INFO - New best model found at epoch 2 with loss 2.119 (previous best was 2.582).
2026-01-27 10:02:55,400 - cv.train - INFO - Removing previous best model file ssd300_vgg16-1epoch-2.582-20260127-1002.pth.
2026-01-27 10:02:55,643 - cv.train - INFO - New best model saved to ssd300_vgg16-2epoch-2.119-20260127-1002.pth (2.119 < 2.582).
2026-01-27 10:02:56,636 - cv.train - INFO - [epoch 3] loss=1.149 in 1.0sec
2026-01-27 10:02:56,723 - cv.train - INFO - [quick_eval] detections >= 0.5: 1
2026-01-27 10:02:56,724 - cv.train - INFO - New best model found at epoch 3 with loss 1.149 (previous best was 2.119).
2026-01-27 10:02:56,724 - cv.train - INFO - Removing previous best model file ssd300_vgg16-2epoch-2.119-20260127-1002.pth.
2026-01-27 10:02:56,964 - cv.train - INFO - New best model saved to ssd300_vgg16-3epoch-1.149-20260127-1002.pth (1.149 < 2.119).
2026-01-27 10:02:57,978 - cv.train - INFO - [epoch 4] loss=1.497 in 1.0sec
2026-01-27 10:02:58,068 - cv.train - INFO - [quick_eval] detections >= 0.5: 1
2026-01-27 10:02:59,120 - cv.train - INFO - [epoch 5] loss=0.746 in 1.1sec
2026-01-27 10:02:59,206 - cv.train - INFO - [quick_eval] detections >= 0.5: 1
2026-01-27 10:02:59,206 - cv.train - INFO - New best model found at epoch 5 with loss 0.746 (previous best was 1.149).
2026-01-27 10:02:59,206 - cv.train - INFO - Removing previous best model file ssd300_vgg16-3epoch-1.149-20260127-1002.pth.
2026-01-27 10:02:59,451 - cv.train - INFO - New best model saved to ssd300_vgg16-5epoch-0.746-20260127-1002.pth (0.746 < 1.149).
2026-01-27 10:03:00,454 - cv.train - INFO - [epoch 6] loss=0.244 in 1.0sec
2026-01-27 10:03:00,542 - cv.train - INFO - [quick_eval] detections >= 0.5: 1
2026-01-27 10:03:00,543 - cv.train - INFO - New best model found at epoch 6 with loss 0.244 (previous best was 0.746).
2026-01-27 10:03:00,543 - cv.train - INFO - Removing previous best model file ssd300_vgg16-5epoch-0.746-20260127-1002.pth.
2026-01-27 10:03:00,790 - cv.train - INFO - New best model saved to ssd300_vgg16-6epoch-0.244-20260127-1002.pth (0.244 < 0.746).
2026-01-27 10:03:01,774 - cv.train - INFO - [epoch 7] loss=0.237 in 1.0sec
2026-01-27 10:03:01,859 - cv.train - INFO - [quick_eval] detections >= 0.5: 1
2026-01-27 10:03:01,859 - cv.train - INFO - New best model found at epoch 7 with loss 0.237 (previous best was 0.244).
2026-01-27 10:03:01,860 - cv.train - INFO - Removing previous best model file ssd300_vgg16-6epoch-0.244-20260127-1002.pth.
2026-01-27 10:03:02,108 - cv.train - INFO - New best model saved to ssd300_vgg16-7epoch-0.237-20260127-1002.pth (0.237 < 0.244).
2026-01-27 10:03:03,065 - cv.train - INFO - [epoch 8] loss=0.419 in 1.0sec
2026-01-27 10:03:03,147 - cv.train - INFO - [quick_eval] detections >= 0.5: 1
2026-01-27 10:03:04,117 - cv.train - INFO - [epoch 9] loss=0.347 in 1.0sec
2026-01-27 10:03:04,196 - cv.train - INFO - [quick_eval] detections >= 0.5: 1
2026-01-27 10:03:05,203 - cv.train - INFO - [epoch 10] loss=0.267 in 1.0sec
2026-01-27 10:03:05,289 - cv.train - INFO - [quick_eval] detections >= 0.5: 1
2026-01-27 10:03:06,330 - cv.train - INFO - [epoch 11] loss=0.148 in 1.0sec
2026-01-27 10:03:06,426 - cv.train - INFO - [quick_eval] detections >= 0.5: 1
2026-01-27 10:03:06,427 - cv.train - INFO - New best model found at epoch 11 with loss 0.148 (previous best was 0.237).
2026-01-27 10:03:06,427 - cv.train - INFO - Removing previous best model file ssd300_vgg16-7epoch-0.237-20260127-1002.pth.
2026-01-27 10:03:06,693 - cv.train - INFO - New best model saved to ssd300_vgg16-11epoch-0.148-20260127-1002.pth (0.148 < 0.237).
2026-01-27 10:03:07,651 - cv.train - INFO - [epoch 12] loss=0.346 in 1.0sec
2026-01-27 10:03:07,731 - cv.train - INFO - [quick_eval] detections >= 0.5: 1
2026-01-27 10:03:08,763 - cv.train - INFO - [epoch 13] loss=0.241 in 1.0sec
2026-01-27 10:03:08,855 - cv.train - INFO - [quick_eval] detections >= 0.5: 1
2026-01-27 10:03:09,864 - cv.train - INFO - [epoch 14] loss=0.382 in 1.0sec
2026-01-27 10:03:09,956 - cv.train - INFO - [quick_eval] detections >= 0.5: 1
2026-01-27 10:03:11,003 - cv.train - INFO - [epoch 15] loss=0.258 in 1.0sec
2026-01-27 10:03:11,085 - cv.train - INFO - [quick_eval] detections >= 0.5: 1
2026-01-27 10:03:12,092 - cv.train - INFO - [epoch 16] loss=0.107 in 1.0sec
2026-01-27 10:03:12,178 - cv.train - INFO - [quick_eval] detections >= 0.5: 1
2026-01-27 10:03:12,179 - cv.train - INFO - New best model found at epoch 16 with loss 0.107 (previous best was 0.148).
2026-01-27 10:03:12,179 - cv.train - INFO - Removing previous best model file ssd300_vgg16-11epoch-0.148-20260127-1002.pth.
2026-01-27 10:03:12,427 - cv.train - INFO - New best model saved to ssd300_vgg16-16epoch-0.107-20260127-1002.pth (0.107 < 0.148).
2026-01-27 10:03:13,385 - cv.train - INFO - [epoch 17] loss=0.153 in 1.0sec
2026-01-27 10:03:13,465 - cv.train - INFO - [quick_eval] detections >= 0.5: 1
2026-01-27 10:03:14,479 - cv.train - INFO - [epoch 18] loss=0.138 in 1.0sec
2026-01-27 10:03:14,559 - cv.train - INFO - [quick_eval] detections >= 0.5: 1
2026-01-27 10:03:15,568 - cv.train - INFO - [epoch 19] loss=0.087 in 1.0sec
2026-01-27 10:03:15,657 - cv.train - INFO - [quick_eval] detections >= 0.5: 1
2026-01-27 10:03:15,658 - cv.train - INFO - New best model found at epoch 19 with loss 0.087 (previous best was 0.107).
2026-01-27 10:03:15,658 - cv.train - INFO - Removing previous best model file ssd300_vgg16-16epoch-0.107-20260127-1002.pth.
2026-01-27 10:03:15,906 - cv.train - INFO - New best model saved to ssd300_vgg16-19epoch-0.087-20260127-1002.pth (0.087 < 0.107).
2026-01-27 10:03:16,864 - cv.train - INFO - [epoch 20] loss=0.136 in 1.0sec
2026-01-27 10:03:16,944 - cv.train - INFO - [quick_eval] detections >= 0.5: 1
2026-01-27 10:03:17,937 - cv.train - INFO - [epoch 21] loss=0.088 in 1.0sec
2026-01-27 10:03:18,024 - cv.train - INFO - [quick_eval] detections >= 0.5: 1
2026-01-27 10:03:19,028 - cv.train - INFO - [epoch 22] loss=0.100 in 1.0sec
2026-01-27 10:03:19,112 - cv.train - INFO - [quick_eval] detections >= 0.5: 1
2026-01-27 10:03:20,145 - cv.train - INFO - [epoch 23] loss=0.061 in 1.0sec
2026-01-27 10:03:20,226 - cv.train - INFO - [quick_eval] detections >= 0.5: 1
2026-01-27 10:03:20,226 - cv.train - INFO - New best model found at epoch 23 with loss 0.061 (previous best was 0.087).
2026-01-27 10:03:20,227 - cv.train - INFO - Removing previous best model file ssd300_vgg16-19epoch-0.087-20260127-1002.pth.
2026-01-27 10:03:20,473 - cv.train - INFO - New best model saved to ssd300_vgg16-23epoch-0.061-20260127-1002.pth (0.061 < 0.087).
2026-01-27 10:03:21,428 - cv.train - INFO - [epoch 24] loss=0.070 in 1.0sec
2026-01-27 10:03:21,512 - cv.train - INFO - [quick_eval] detections >= 0.5: 1
2026-01-27 10:03:22,463 - cv.train - INFO - [epoch 25] loss=0.064 in 1.0sec
2026-01-27 10:03:22,544 - cv.train - INFO - [quick_eval] detections >= 0.5: 1
2026-01-27 10:03:23,503 - cv.train - INFO - [epoch 26] loss=0.082 in 1.0sec
2026-01-27 10:03:23,590 - cv.train - INFO - [quick_eval] detections >= 0.5: 1
2026-01-27 10:03:24,553 - cv.train - INFO - [epoch 27] loss=0.097 in 1.0sec
2026-01-27 10:03:24,633 - cv.train - INFO - [quick_eval] detections >= 0.5: 1
2026-01-27 10:03:25,598 - cv.train - INFO - [epoch 28] loss=0.077 in 1.0sec
2026-01-27 10:03:25,678 - cv.train - INFO - [quick_eval] detections >= 0.5: 1
2026-01-27 10:03:26,688 - cv.train - INFO - [epoch 29] loss=0.075 in 1.0sec
2026-01-27 10:03:26,778 - cv.train - INFO - [quick_eval] detections >= 0.5: 1
2026-01-27 10:03:27,777 - cv.train - INFO - [epoch 30] loss=0.075 in 1.0sec
2026-01-27 10:03:27,864 - cv.train - INFO - [quick_eval] detections >= 0.5: 1
2026-01-27 10:03:28,871 - cv.train - INFO - [epoch 31] loss=0.036 in 1.0sec
2026-01-27 10:03:28,959 - cv.train - INFO - [quick_eval] detections >= 0.5: 1
2026-01-27 10:03:28,960 - cv.train - INFO - New best model found at epoch 31 with loss 0.036 (previous best was 0.061).
2026-01-27 10:03:28,960 - cv.train - INFO - Removing previous best model file ssd300_vgg16-23epoch-0.061-20260127-1002.pth.
2026-01-27 10:03:29,207 - cv.train - INFO - New best model saved to ssd300_vgg16-31epoch-0.036-20260127-1002.pth (0.036 < 0.061).
2026-01-27 10:03:30,183 - cv.train - INFO - [epoch 32] loss=0.158 in 1.0sec
2026-01-27 10:03:30,262 - cv.train - INFO - [quick_eval] detections >= 0.5: 1
2026-01-27 10:03:31,258 - cv.train - INFO - [epoch 33] loss=0.040 in 1.0sec
2026-01-27 10:03:31,338 - cv.train - INFO - [quick_eval] detections >= 0.5: 1
2026-01-27 10:03:32,363 - cv.train - INFO - [epoch 34] loss=0.102 in 1.0sec
2026-01-27 10:03:32,442 - cv.train - INFO - [quick_eval] detections >= 0.5: 1
2026-01-27 10:03:33,434 - cv.train - INFO - [epoch 35] loss=0.085 in 1.0sec
2026-01-27 10:03:33,518 - cv.train - INFO - [quick_eval] detections >= 0.5: 1
2026-01-27 10:03:34,503 - cv.train - INFO - [epoch 36] loss=0.034 in 1.0sec
2026-01-27 10:03:34,581 - cv.train - INFO - [quick_eval] detections >= 0.5: 1
2026-01-27 10:03:34,582 - cv.train - INFO - New best model found at epoch 36 with loss 0.034 (previous best was 0.036).
2026-01-27 10:03:34,582 - cv.train - INFO - Removing previous best model file ssd300_vgg16-31epoch-0.036-20260127-1002.pth.
2026-01-27 10:03:34,831 - cv.train - INFO - New best model saved to ssd300_vgg16-36epoch-0.034-20260127-1002.pth (0.034 < 0.036).
2026-01-27 10:03:35,830 - cv.train - INFO - [epoch 37] loss=0.033 in 1.0sec
2026-01-27 10:03:35,911 - cv.train - INFO - [quick_eval] detections >= 0.5: 1
2026-01-27 10:03:35,911 - cv.train - INFO - New best model found at epoch 37 with loss 0.033 (previous best was 0.034).
2026-01-27 10:03:35,911 - cv.train - INFO - Removing previous best model file ssd300_vgg16-36epoch-0.034-20260127-1002.pth.
2026-01-27 10:03:36,158 - cv.train - INFO - New best model saved to ssd300_vgg16-37epoch-0.033-20260127-1002.pth (0.033 < 0.034).
2026-01-27 10:03:37,155 - cv.train - INFO - [epoch 38] loss=0.041 in 1.0sec
2026-01-27 10:03:37,243 - cv.train - INFO - [quick_eval] detections >= 0.5: 1
2026-01-27 10:03:38,217 - cv.train - INFO - [epoch 39] loss=0.045 in 1.0sec
2026-01-27 10:03:38,297 - cv.train - INFO - [quick_eval] detections >= 0.5: 1
2026-01-27 10:03:39,251 - cv.train - INFO - [epoch 40] loss=0.060 in 1.0sec
2026-01-27 10:03:39,330 - cv.train - INFO - [quick_eval] detections >= 0.5: 1
2026-01-27 10:03:40,334 - cv.train - INFO - [epoch 41] loss=0.073 in 1.0sec
2026-01-27 10:03:40,424 - cv.train - INFO - [quick_eval] detections >= 0.5: 1
2026-01-27 10:03:41,377 - cv.train - INFO - [epoch 42] loss=0.054 in 1.0sec
2026-01-27 10:03:41,458 - cv.train - INFO - [quick_eval] detections >= 0.5: 1
2026-01-27 10:03:42,405 - cv.train - INFO - [epoch 43] loss=0.043 in 0.9sec
2026-01-27 10:03:42,494 - cv.train - INFO - [quick_eval] detections >= 0.5: 1
2026-01-27 10:03:43,549 - cv.train - INFO - [epoch 44] loss=0.102 in 1.1sec
2026-01-27 10:03:43,640 - cv.train - INFO - [quick_eval] detections >= 0.5: 1
2026-01-27 10:03:44,683 - cv.train - INFO - [epoch 45] loss=0.043 in 1.0sec
2026-01-27 10:03:44,771 - cv.train - INFO - [quick_eval] detections >= 0.5: 1
2026-01-27 10:03:45,811 - cv.train - INFO - [epoch 46] loss=0.070 in 1.0sec
2026-01-27 10:03:45,898 - cv.train - INFO - [quick_eval] detections >= 0.5: 1
2026-01-27 10:03:46,881 - cv.train - INFO - [epoch 47] loss=0.046 in 1.0sec
2026-01-27 10:03:46,970 - cv.train - INFO - [quick_eval] detections >= 0.5: 1
2026-01-27 10:03:47,976 - cv.train - INFO - [epoch 48] loss=0.035 in 1.0sec
2026-01-27 10:03:48,070 - cv.train - INFO - [quick_eval] detections >= 0.5: 1
2026-01-27 10:03:49,076 - cv.train - INFO - [epoch 49] loss=0.031 in 1.0sec
2026-01-27 10:03:49,156 - cv.train - INFO - [quick_eval] detections >= 0.5: 1
2026-01-27 10:03:49,157 - cv.train - INFO - New best model found at epoch 49 with loss 0.031 (previous best was 0.033).
2026-01-27 10:03:49,157 - cv.train - INFO - Removing previous best model file ssd300_vgg16-37epoch-0.033-20260127-1002.pth.
2026-01-27 10:03:49,398 - cv.train - INFO - New best model saved to ssd300_vgg16-49epoch-0.031-20260127-1002.pth (0.031 < 0.033).
2026-01-27 10:03:50,360 - cv.train - INFO - [epoch 50] loss=0.079 in 1.0sec
2026-01-27 10:03:50,442 - cv.train - INFO - [quick_eval] detections >= 0.5: 1
2026-01-27 10:03:51,454 - cv.train - INFO - [epoch 51] loss=0.028 in 1.0sec
2026-01-27 10:03:51,541 - cv.train - INFO - [quick_eval] detections >= 0.5: 1
2026-01-27 10:03:51,542 - cv.train - INFO - New best model found at epoch 51 with loss 0.028 (previous best was 0.031).
2026-01-27 10:03:51,542 - cv.train - INFO - Removing previous best model file ssd300_vgg16-49epoch-0.031-20260127-1002.pth.
2026-01-27 10:03:51,788 - cv.train - INFO - New best model saved to ssd300_vgg16-51epoch-0.028-20260127-1002.pth (0.028 < 0.031).
2026-01-27 10:03:52,791 - cv.train - INFO - [epoch 52] loss=0.032 in 1.0sec
2026-01-27 10:03:52,883 - cv.train - INFO - [quick_eval] detections >= 0.5: 1
2026-01-27 10:03:53,877 - cv.train - INFO - [epoch 53] loss=0.020 in 1.0sec
2026-01-27 10:03:53,962 - cv.train - INFO - [quick_eval] detections >= 0.5: 1
2026-01-27 10:03:53,962 - cv.train - INFO - New best model found at epoch 53 with loss 0.020 (previous best was 0.028).
2026-01-27 10:03:53,962 - cv.train - INFO - Removing previous best model file ssd300_vgg16-51epoch-0.028-20260127-1002.pth.
2026-01-27 10:03:54,207 - cv.train - INFO - New best model saved to ssd300_vgg16-53epoch-0.020-20260127-1002.pth (0.020 < 0.028).
2026-01-27 10:03:55,214 - cv.train - INFO - [epoch 54] loss=0.031 in 1.0sec
2026-01-27 10:03:55,299 - cv.train - INFO - [quick_eval] detections >= 0.5: 1
2026-01-27 10:03:56,381 - cv.train - INFO - [epoch 55] loss=0.158 in 1.1sec
2026-01-27 10:03:56,465 - cv.train - INFO - [quick_eval] detections >= 0.5: 1
2026-01-27 10:03:57,509 - cv.train - INFO - [epoch 56] loss=0.057 in 1.0sec
2026-01-27 10:03:57,599 - cv.train - INFO - [quick_eval] detections >= 0.5: 1
2026-01-27 10:03:58,626 - cv.train - INFO - [epoch 57] loss=0.043 in 1.0sec
2026-01-27 10:03:58,713 - cv.train - INFO - [quick_eval] detections >= 0.5: 1
2026-01-27 10:03:59,698 - cv.train - INFO - [epoch 58] loss=0.045 in 1.0sec
2026-01-27 10:03:59,778 - cv.train - INFO - [quick_eval] detections >= 0.5: 1
2026-01-27 10:04:00,793 - cv.train - INFO - [epoch 59] loss=0.058 in 1.0sec
2026-01-27 10:04:00,877 - cv.train - INFO - [quick_eval] detections >= 0.5: 1
2026-01-27 10:04:01,857 - cv.train - INFO - [epoch 60] loss=0.041 in 1.0sec
2026-01-27 10:04:01,941 - cv.train - INFO - [quick_eval] detections >= 0.5: 1
2026-01-27 10:04:02,905 - cv.train - INFO - [epoch 61] loss=0.031 in 1.0sec
2026-01-27 10:04:02,985 - cv.train - INFO - [quick_eval] detections >= 0.5: 1
2026-01-27 10:04:03,965 - cv.train - INFO - [epoch 62] loss=0.027 in 1.0sec
2026-01-27 10:04:04,045 - cv.train - INFO - [quick_eval] detections >= 0.5: 1
2026-01-27 10:04:05,120 - cv.train - INFO - [epoch 63] loss=0.031 in 1.1sec
2026-01-27 10:04:05,207 - cv.train - INFO - [quick_eval] detections >= 0.5: 1
2026-01-27 10:04:06,189 - cv.train - INFO - [epoch 64] loss=0.024 in 1.0sec
2026-01-27 10:04:06,273 - cv.train - INFO - [quick_eval] detections >= 0.5: 1
2026-01-27 10:04:07,334 - cv.train - INFO - [epoch 65] loss=0.043 in 1.1sec
2026-01-27 10:04:07,431 - cv.train - INFO - [quick_eval] detections >= 0.5: 1
2026-01-27 10:04:08,482 - cv.train - INFO - [epoch 66] loss=0.046 in 1.0sec
2026-01-27 10:04:08,565 - cv.train - INFO - [quick_eval] detections >= 0.5: 1
2026-01-27 10:04:09,580 - cv.train - INFO - [epoch 67] loss=0.020 in 1.0sec
2026-01-27 10:04:09,663 - cv.train - INFO - [quick_eval] detections >= 0.5: 1
2026-01-27 10:04:09,664 - cv.train - INFO - New best model found at epoch 67 with loss 0.020 (previous best was 0.020).
2026-01-27 10:04:09,664 - cv.train - INFO - Removing previous best model file ssd300_vgg16-53epoch-0.020-20260127-1002.pth.
2026-01-27 10:04:09,921 - cv.train - INFO - New best model saved to ssd300_vgg16-67epoch-0.020-20260127-1002.pth (0.020 < 0.020).
2026-01-27 10:04:10,927 - cv.train - INFO - [epoch 68] loss=0.025 in 1.0sec
2026-01-27 10:04:11,025 - cv.train - INFO - [quick_eval] detections >= 0.5: 1
2026-01-27 10:04:12,037 - cv.train - INFO - [epoch 69] loss=0.032 in 1.0sec
2026-01-27 10:04:12,125 - cv.train - INFO - [quick_eval] detections >= 0.5: 1
2026-01-27 10:04:13,096 - cv.train - INFO - [epoch 70] loss=0.054 in 1.0sec
2026-01-27 10:04:13,186 - cv.train - INFO - [quick_eval] detections >= 0.5: 1
2026-01-27 10:04:14,176 - cv.train - INFO - [epoch 71] loss=0.018 in 1.0sec
2026-01-27 10:04:14,262 - cv.train - INFO - [quick_eval] detections >= 0.5: 1
2026-01-27 10:04:14,263 - cv.train - INFO - New best model found at epoch 71 with loss 0.018 (previous best was 0.020).
2026-01-27 10:04:14,263 - cv.train - INFO - Removing previous best model file ssd300_vgg16-67epoch-0.020-20260127-1002.pth.
2026-01-27 10:04:14,511 - cv.train - INFO - New best model saved to ssd300_vgg16-71epoch-0.018-20260127-1002.pth (0.018 < 0.020).
2026-01-27 10:04:15,489 - cv.train - INFO - [epoch 72] loss=0.026 in 1.0sec
2026-01-27 10:04:15,576 - cv.train - INFO - [quick_eval] detections >= 0.5: 1
2026-01-27 10:04:16,543 - cv.train - INFO - [epoch 73] loss=0.038 in 1.0sec
2026-01-27 10:04:16,624 - cv.train - INFO - [quick_eval] detections >= 0.5: 1
2026-01-27 10:04:17,656 - cv.train - INFO - [epoch 74] loss=0.032 in 1.0sec
2026-01-27 10:04:17,746 - cv.train - INFO - [quick_eval] detections >= 0.5: 1
2026-01-27 10:04:18,733 - cv.train - INFO - [epoch 75] loss=0.075 in 1.0sec
2026-01-27 10:04:18,813 - cv.train - INFO - [quick_eval] detections >= 0.5: 1
2026-01-27 10:04:19,824 - cv.train - INFO - [epoch 76] loss=0.025 in 1.0sec
2026-01-27 10:04:19,911 - cv.train - INFO - [quick_eval] detections >= 0.5: 1
2026-01-27 10:04:20,878 - cv.train - INFO - [epoch 77] loss=0.021 in 1.0sec
2026-01-27 10:04:20,959 - cv.train - INFO - [quick_eval] detections >= 0.5: 1
2026-01-27 10:04:21,977 - cv.train - INFO - [epoch 78] loss=0.014 in 1.0sec
2026-01-27 10:04:22,063 - cv.train - INFO - [quick_eval] detections >= 0.5: 1
2026-01-27 10:04:22,063 - cv.train - INFO - New best model found at epoch 78 with loss 0.014 (previous best was 0.018).
2026-01-27 10:04:22,064 - cv.train - INFO - Removing previous best model file ssd300_vgg16-71epoch-0.018-20260127-1002.pth.
2026-01-27 10:04:22,297 - cv.train - INFO - New best model saved to ssd300_vgg16-78epoch-0.014-20260127-1002.pth (0.014 < 0.018).
2026-01-27 10:04:23,274 - cv.train - INFO - [epoch 79] loss=0.018 in 1.0sec
2026-01-27 10:04:23,362 - cv.train - INFO - [quick_eval] detections >= 0.5: 1
2026-01-27 10:04:24,446 - cv.train - INFO - [epoch 80] loss=0.024 in 1.1sec
2026-01-27 10:04:24,541 - cv.train - INFO - [quick_eval] detections >= 0.5: 1
2026-01-27 10:04:25,516 - cv.train - INFO - [epoch 81] loss=0.015 in 1.0sec
2026-01-27 10:04:25,599 - cv.train - INFO - [quick_eval] detections >= 0.5: 1
2026-01-27 10:04:26,566 - cv.train - INFO - [epoch 82] loss=0.015 in 1.0sec
2026-01-27 10:04:26,648 - cv.train - INFO - [quick_eval] detections >= 0.5: 1
2026-01-27 10:04:27,625 - cv.train - INFO - [epoch 83] loss=0.015 in 1.0sec
2026-01-27 10:04:27,705 - cv.train - INFO - [quick_eval] detections >= 0.5: 1
2026-01-27 10:04:28,713 - cv.train - INFO - [epoch 84] loss=0.024 in 1.0sec
2026-01-27 10:04:28,800 - cv.train - INFO - [quick_eval] detections >= 0.5: 1
2026-01-27 10:04:29,803 - cv.train - INFO - [epoch 85] loss=0.059 in 1.0sec
2026-01-27 10:04:29,883 - cv.train - INFO - [quick_eval] detections >= 0.5: 1
2026-01-27 10:04:30,856 - cv.train - INFO - [epoch 86] loss=0.031 in 1.0sec
2026-01-27 10:04:30,935 - cv.train - INFO - [quick_eval] detections >= 0.5: 1
2026-01-27 10:04:31,891 - cv.train - INFO - [epoch 87] loss=0.014 in 1.0sec
2026-01-27 10:04:31,972 - cv.train - INFO - [quick_eval] detections >= 0.5: 1
2026-01-27 10:04:32,924 - cv.train - INFO - [epoch 88] loss=0.034 in 1.0sec
2026-01-27 10:04:33,006 - cv.train - INFO - [quick_eval] detections >= 0.5: 1
2026-01-27 10:04:33,960 - cv.train - INFO - [epoch 89] loss=0.018 in 1.0sec
2026-01-27 10:04:34,043 - cv.train - INFO - [quick_eval] detections >= 0.5: 1
2026-01-27 10:04:35,032 - cv.train - INFO - [epoch 90] loss=0.025 in 1.0sec
2026-01-27 10:04:35,123 - cv.train - INFO - [quick_eval] detections >= 0.5: 1
2026-01-27 10:04:36,172 - cv.train - INFO - [epoch 91] loss=0.012 in 1.0sec
2026-01-27 10:04:36,260 - cv.train - INFO - [quick_eval] detections >= 0.5: 1
2026-01-27 10:04:36,260 - cv.train - INFO - New best model found at epoch 91 with loss 0.012 (previous best was 0.014).
2026-01-27 10:04:36,260 - cv.train - INFO - Removing previous best model file ssd300_vgg16-78epoch-0.014-20260127-1002.pth.
2026-01-27 10:04:36,498 - cv.train - INFO - New best model saved to ssd300_vgg16-91epoch-0.012-20260127-1002.pth (0.012 < 0.014).
2026-01-27 10:04:37,497 - cv.train - INFO - [epoch 92] loss=0.029 in 1.0sec
2026-01-27 10:04:37,585 - cv.train - INFO - [quick_eval] detections >= 0.5: 1
2026-01-27 10:04:38,581 - cv.train - INFO - [epoch 93] loss=0.019 in 1.0sec
2026-01-27 10:04:38,660 - cv.train - INFO - [quick_eval] detections >= 0.5: 1
2026-01-27 10:04:39,609 - cv.train - INFO - [epoch 94] loss=0.015 in 0.9sec
2026-01-27 10:04:39,689 - cv.train - INFO - [quick_eval] detections >= 0.5: 1
2026-01-27 10:04:40,699 - cv.train - INFO - [epoch 95] loss=0.019 in 1.0sec
2026-01-27 10:04:40,794 - cv.train - INFO - [quick_eval] detections >= 0.5: 1
2026-01-27 10:04:41,786 - cv.train - INFO - [epoch 96] loss=0.016 in 1.0sec
2026-01-27 10:04:41,866 - cv.train - INFO - [quick_eval] detections >= 0.5: 1
2026-01-27 10:04:42,830 - cv.train - INFO - [epoch 97] loss=0.018 in 1.0sec
2026-01-27 10:04:42,918 - cv.train - INFO - [quick_eval] detections >= 0.5: 1
2026-01-27 10:04:43,885 - cv.train - INFO - [epoch 98] loss=0.014 in 1.0sec
2026-01-27 10:04:43,964 - cv.train - INFO - [quick_eval] detections >= 0.5: 1
2026-01-27 10:04:45,032 - cv.train - INFO - [epoch 99] loss=0.018 in 1.1sec
2026-01-27 10:04:45,120 - cv.train - INFO - [quick_eval] detections >= 0.5: 1
2026-01-27 10:04:46,102 - cv.train - INFO - [epoch 100] loss=0.016 in 1.0sec
2026-01-27 10:04:46,190 - cv.train - INFO - [quick_eval] detections >= 0.5: 1
2026-01-27 10:04:47,173 - cv.train - INFO - [epoch 101] loss=0.037 in 1.0sec
2026-01-27 10:04:47,252 - cv.train - INFO - [quick_eval] detections >= 0.5: 1
2026-01-27 10:04:48,285 - cv.train - INFO - [epoch 102] loss=0.025 in 1.0sec
2026-01-27 10:04:48,373 - cv.train - INFO - [quick_eval] detections >= 0.5: 1
2026-01-27 10:04:49,354 - cv.train - INFO - [epoch 103] loss=0.025 in 1.0sec
2026-01-27 10:04:49,433 - cv.train - INFO - [quick_eval] detections >= 0.5: 1
2026-01-27 10:04:50,436 - cv.train - INFO - [epoch 104] loss=0.015 in 1.0sec
2026-01-27 10:04:50,525 - cv.train - INFO - [quick_eval] detections >= 0.5: 1
2026-01-27 10:04:51,548 - cv.train - INFO - [epoch 105] loss=0.037 in 1.0sec
2026-01-27 10:04:51,643 - cv.train - INFO - [quick_eval] detections >= 0.5: 1
2026-01-27 10:04:52,617 - cv.train - INFO - [epoch 106] loss=0.020 in 1.0sec
2026-01-27 10:04:52,703 - cv.train - INFO - [quick_eval] detections >= 0.5: 1
2026-01-27 10:04:53,684 - cv.train - INFO - [epoch 107] loss=0.020 in 1.0sec
2026-01-27 10:04:53,768 - cv.train - INFO - [quick_eval] detections >= 0.5: 1
2026-01-27 10:04:54,813 - cv.train - INFO - [epoch 108] loss=0.019 in 1.0sec
2026-01-27 10:04:54,901 - cv.train - INFO - [quick_eval] detections >= 0.5: 1
2026-01-27 10:04:55,845 - cv.train - INFO - [epoch 109] loss=0.021 in 0.9sec
2026-01-27 10:04:55,924 - cv.train - INFO - [quick_eval] detections >= 0.5: 1
2026-01-27 10:04:56,899 - cv.train - INFO - [epoch 110] loss=0.023 in 1.0sec
2026-01-27 10:04:56,978 - cv.train - INFO - [quick_eval] detections >= 0.5: 1
2026-01-27 10:04:57,987 - cv.train - INFO - [epoch 111] loss=0.018 in 1.0sec
2026-01-27 10:04:58,078 - cv.train - INFO - [quick_eval] detections >= 0.5: 1
2026-01-27 10:04:59,128 - cv.train - INFO - [epoch 112] loss=0.014 in 1.0sec
2026-01-27 10:04:59,208 - cv.train - INFO - [quick_eval] detections >= 0.5: 1
2026-01-27 10:05:00,224 - cv.train - INFO - [epoch 113] loss=0.026 in 1.0sec
2026-01-27 10:05:00,312 - cv.train - INFO - [quick_eval] detections >= 0.5: 1
2026-01-27 10:05:01,314 - cv.train - INFO - [epoch 114] loss=0.011 in 1.0sec
2026-01-27 10:05:01,397 - cv.train - INFO - [quick_eval] detections >= 0.5: 1
2026-01-27 10:05:01,398 - cv.train - INFO - New best model found at epoch 114 with loss 0.011 (previous best was 0.012).
2026-01-27 10:05:01,398 - cv.train - INFO - Removing previous best model file ssd300_vgg16-91epoch-0.012-20260127-1002.pth.
2026-01-27 10:05:01,627 - cv.train - INFO - New best model saved to ssd300_vgg16-114epoch-0.011-20260127-1002.pth (0.011 < 0.012).
2026-01-27 10:05:02,651 - cv.train - INFO - [epoch 115] loss=0.013 in 1.0sec
2026-01-27 10:05:02,739 - cv.train - INFO - [quick_eval] detections >= 0.5: 1
2026-01-27 10:05:03,731 - cv.train - INFO - [epoch 116] loss=0.018 in 1.0sec
2026-01-27 10:05:03,811 - cv.train - INFO - [quick_eval] detections >= 0.5: 1
2026-01-27 10:05:04,798 - cv.train - INFO - [epoch 117] loss=0.030 in 1.0sec
2026-01-27 10:05:04,880 - cv.train - INFO - [quick_eval] detections >= 0.5: 1
2026-01-27 10:05:05,885 - cv.train - INFO - [epoch 118] loss=0.012 in 1.0sec
2026-01-27 10:05:05,972 - cv.train - INFO - [quick_eval] detections >= 0.5: 1
2026-01-27 10:05:06,991 - cv.train - INFO - [epoch 119] loss=0.032 in 1.0sec
2026-01-27 10:05:07,087 - cv.train - INFO - [quick_eval] detections >= 0.5: 1
2026-01-27 10:05:08,137 - cv.train - INFO - [epoch 120] loss=0.010 in 1.0sec
2026-01-27 10:05:08,225 - cv.train - INFO - [quick_eval] detections >= 0.5: 1
2026-01-27 10:05:08,226 - cv.train - INFO - New best model found at epoch 120 with loss 0.010 (previous best was 0.011).
2026-01-27 10:05:08,226 - cv.train - INFO - Removing previous best model file ssd300_vgg16-114epoch-0.011-20260127-1002.pth.
2026-01-27 10:05:08,463 - cv.train - INFO - New best model saved to ssd300_vgg16-120epoch-0.010-20260127-1002.pth (0.010 < 0.011).
2026-01-27 10:05:09,470 - cv.train - INFO - [epoch 121] loss=0.018 in 1.0sec
2026-01-27 10:05:09,551 - cv.train - INFO - [quick_eval] detections >= 0.5: 1
2026-01-27 10:05:10,568 - cv.train - INFO - [epoch 122] loss=0.026 in 1.0sec
2026-01-27 10:05:10,654 - cv.train - INFO - [quick_eval] detections >= 0.5: 1
2026-01-27 10:05:11,674 - cv.train - INFO - [epoch 123] loss=0.013 in 1.0sec
2026-01-27 10:05:11,761 - cv.train - INFO - [quick_eval] detections >= 0.5: 1
2026-01-27 10:05:12,717 - cv.train - INFO - [epoch 124] loss=0.018 in 1.0sec
2026-01-27 10:05:12,799 - cv.train - INFO - [quick_eval] detections >= 0.5: 1
2026-01-27 10:05:13,847 - cv.train - INFO - [epoch 125] loss=0.046 in 1.0sec
2026-01-27 10:05:13,942 - cv.train - INFO - [quick_eval] detections >= 0.5: 1
2026-01-27 10:05:14,966 - cv.train - INFO - [epoch 126] loss=0.055 in 1.0sec
2026-01-27 10:05:15,053 - cv.train - INFO - [quick_eval] detections >= 0.5: 1
2026-01-27 10:05:16,048 - cv.train - INFO - [epoch 127] loss=0.025 in 1.0sec
2026-01-27 10:05:16,136 - cv.train - INFO - [quick_eval] detections >= 0.5: 1
2026-01-27 10:05:17,098 - cv.train - INFO - [epoch 128] loss=0.019 in 1.0sec
2026-01-27 10:05:17,176 - cv.train - INFO - [quick_eval] detections >= 0.5: 1
2026-01-27 10:05:18,137 - cv.train - INFO - [epoch 129] loss=0.017 in 1.0sec
2026-01-27 10:05:18,219 - cv.train - INFO - [quick_eval] detections >= 0.5: 1
2026-01-27 10:05:19,223 - cv.train - INFO - [epoch 130] loss=0.036 in 1.0sec
2026-01-27 10:05:19,302 - cv.train - INFO - [quick_eval] detections >= 0.5: 1
2026-01-27 10:05:20,311 - cv.train - INFO - [epoch 131] loss=0.026 in 1.0sec
2026-01-27 10:05:20,403 - cv.train - INFO - [quick_eval] detections >= 0.5: 1
2026-01-27 10:05:21,401 - cv.train - INFO - [epoch 132] loss=0.027 in 1.0sec
2026-01-27 10:05:21,486 - cv.train - INFO - [quick_eval] detections >= 0.5: 1
2026-01-27 10:05:22,445 - cv.train - INFO - [epoch 133] loss=0.013 in 1.0sec
2026-01-27 10:05:22,527 - cv.train - INFO - [quick_eval] detections >= 0.5: 1
2026-01-27 10:05:23,513 - cv.train - INFO - [epoch 134] loss=0.013 in 1.0sec
2026-01-27 10:05:23,594 - cv.train - INFO - [quick_eval] detections >= 0.5: 1
2026-01-27 10:05:24,590 - cv.train - INFO - [epoch 135] loss=0.017 in 1.0sec
2026-01-27 10:05:24,675 - cv.train - INFO - [quick_eval] detections >= 0.5: 1
2026-01-27 10:05:25,644 - cv.train - INFO - [epoch 136] loss=0.012 in 1.0sec
2026-01-27 10:05:25,734 - cv.train - INFO - [quick_eval] detections >= 0.5: 1
2026-01-27 10:05:26,732 - cv.train - INFO - [epoch 137] loss=0.018 in 1.0sec
2026-01-27 10:05:26,812 - cv.train - INFO - [quick_eval] detections >= 0.5: 1
2026-01-27 10:05:27,815 - cv.train - INFO - [epoch 138] loss=0.013 in 1.0sec
2026-01-27 10:05:27,904 - cv.train - INFO - [quick_eval] detections >= 0.5: 1
2026-01-27 10:05:28,883 - cv.train - INFO - [epoch 139] loss=0.015 in 1.0sec
2026-01-27 10:05:28,968 - cv.train - INFO - [quick_eval] detections >= 0.5: 1
2026-01-27 10:05:30,015 - cv.train - INFO - [epoch 140] loss=0.021 in 1.0sec
2026-01-27 10:05:30,104 - cv.train - INFO - [quick_eval] detections >= 0.5: 1
2026-01-27 10:05:31,101 - cv.train - INFO - [epoch 141] loss=0.040 in 1.0sec
2026-01-27 10:05:31,183 - cv.train - INFO - [quick_eval] detections >= 0.5: 1
2026-01-27 10:05:32,220 - cv.train - INFO - [epoch 142] loss=0.081 in 1.0sec
2026-01-27 10:05:32,307 - cv.train - INFO - [quick_eval] detections >= 0.5: 1
2026-01-27 10:05:33,302 - cv.train - INFO - [epoch 143] loss=0.012 in 1.0sec
2026-01-27 10:05:33,391 - cv.train - INFO - [quick_eval] detections >= 0.5: 1
2026-01-27 10:05:34,368 - cv.train - INFO - [epoch 144] loss=0.016 in 1.0sec
2026-01-27 10:05:34,457 - cv.train - INFO - [quick_eval] detections >= 0.5: 1
2026-01-27 10:05:35,439 - cv.train - INFO - [epoch 145] loss=0.015 in 1.0sec
2026-01-27 10:05:35,527 - cv.train - INFO - [quick_eval] detections >= 0.5: 1
2026-01-27 10:05:36,531 - cv.train - INFO - [epoch 146] loss=0.013 in 1.0sec
2026-01-27 10:05:36,616 - cv.train - INFO - [quick_eval] detections >= 0.5: 1
2026-01-27 10:05:37,645 - cv.train - INFO - [epoch 147] loss=0.010 in 1.0sec
2026-01-27 10:05:37,732 - cv.train - INFO - [quick_eval] detections >= 0.5: 1
2026-01-27 10:05:37,733 - cv.train - INFO - New best model found at epoch 147 with loss 0.010 (previous best was 0.010).
2026-01-27 10:05:37,733 - cv.train - INFO - Removing previous best model file ssd300_vgg16-120epoch-0.010-20260127-1002.pth.
2026-01-27 10:05:37,983 - cv.train - INFO - New best model saved to ssd300_vgg16-147epoch-0.010-20260127-1002.pth (0.010 < 0.010).
2026-01-27 10:05:39,004 - cv.train - INFO - [epoch 148] loss=0.009 in 1.0sec
2026-01-27 10:05:39,094 - cv.train - INFO - [quick_eval] detections >= 0.5: 1
2026-01-27 10:05:39,094 - cv.train - INFO - New best model found at epoch 148 with loss 0.009 (previous best was 0.010).
2026-01-27 10:05:39,095 - cv.train - INFO - Removing previous best model file ssd300_vgg16-147epoch-0.010-20260127-1002.pth.
2026-01-27 10:05:39,327 - cv.train - INFO - New best model saved to ssd300_vgg16-148epoch-0.009-20260127-1002.pth (0.009 < 0.010).
2026-01-27 10:05:40,331 - cv.train - INFO - [epoch 149] loss=0.014 in 1.0sec
2026-01-27 10:05:40,413 - cv.train - INFO - [quick_eval] detections >= 0.5: 1
2026-01-27 10:05:41,423 - cv.train - INFO - [epoch 150] loss=0.015 in 1.0sec
2026-01-27 10:05:41,515 - cv.train - INFO - [quick_eval] detections >= 0.5: 1
2026-01-27 10:05:42,463 - cv.train - INFO - [epoch 151] loss=0.014 in 0.9sec
2026-01-27 10:05:42,542 - cv.train - INFO - [quick_eval] detections >= 0.5: 1
2026-01-27 10:05:43,539 - cv.train - INFO - [epoch 152] loss=0.007 in 1.0sec
2026-01-27 10:05:43,623 - cv.train - INFO - [quick_eval] detections >= 0.5: 1
2026-01-27 10:05:43,623 - cv.train - INFO - New best model found at epoch 152 with loss 0.007 (previous best was 0.009).
2026-01-27 10:05:43,623 - cv.train - INFO - Removing previous best model file ssd300_vgg16-148epoch-0.009-20260127-1002.pth.
2026-01-27 10:05:43,859 - cv.train - INFO - New best model saved to ssd300_vgg16-152epoch-0.007-20260127-1002.pth (0.007 < 0.009).
2026-01-27 10:05:44,852 - cv.train - INFO - [epoch 153] loss=0.019 in 1.0sec
2026-01-27 10:05:44,930 - cv.train - INFO - [quick_eval] detections >= 0.5: 1
2026-01-27 10:05:45,930 - cv.train - INFO - [epoch 154] loss=0.014 in 1.0sec
2026-01-27 10:05:46,009 - cv.train - INFO - [quick_eval] detections >= 0.5: 1
2026-01-27 10:05:46,980 - cv.train - INFO - [epoch 155] loss=0.038 in 1.0sec
2026-01-27 10:05:47,058 - cv.train - INFO - [quick_eval] detections >= 0.5: 1
2026-01-27 10:05:48,056 - cv.train - INFO - [epoch 156] loss=0.018 in 1.0sec
2026-01-27 10:05:48,147 - cv.train - INFO - [quick_eval] detections >= 0.5: 1
2026-01-27 10:05:49,142 - cv.train - INFO - [epoch 157] loss=0.014 in 1.0sec
2026-01-27 10:05:49,221 - cv.train - INFO - [quick_eval] detections >= 0.5: 1
2026-01-27 10:05:50,232 - cv.train - INFO - [epoch 158] loss=0.009 in 1.0sec
2026-01-27 10:05:50,309 - cv.train - INFO - [quick_eval] detections >= 0.5: 1
2026-01-27 10:05:51,304 - cv.train - INFO - [epoch 159] loss=0.010 in 1.0sec
2026-01-27 10:05:51,388 - cv.train - INFO - [quick_eval] detections >= 0.5: 1
2026-01-27 10:05:52,396 - cv.train - INFO - [epoch 160] loss=0.010 in 1.0sec
2026-01-27 10:05:52,488 - cv.train - INFO - [quick_eval] detections >= 0.5: 1
2026-01-27 10:05:53,532 - cv.train - INFO - [epoch 161] loss=0.010 in 1.0sec
2026-01-27 10:05:53,620 - cv.train - INFO - [quick_eval] detections >= 0.5: 1
2026-01-27 10:05:54,654 - cv.train - INFO - [epoch 162] loss=0.015 in 1.0sec
2026-01-27 10:05:54,747 - cv.train - INFO - [quick_eval] detections >= 0.5: 1
2026-01-27 10:05:55,759 - cv.train - INFO - [epoch 163] loss=0.012 in 1.0sec
2026-01-27 10:05:55,848 - cv.train - INFO - [quick_eval] detections >= 0.5: 1
2026-01-27 10:05:56,855 - cv.train - INFO - [epoch 164] loss=0.010 in 1.0sec
2026-01-27 10:05:56,943 - cv.train - INFO - [quick_eval] detections >= 0.5: 1
2026-01-27 10:05:57,998 - cv.train - INFO - [epoch 165] loss=0.009 in 1.1sec
2026-01-27 10:05:58,078 - cv.train - INFO - [quick_eval] detections >= 0.5: 1
2026-01-27 10:05:59,041 - cv.train - INFO - [epoch 166] loss=0.008 in 1.0sec
2026-01-27 10:05:59,121 - cv.train - INFO - [quick_eval] detections >= 0.5: 1
2026-01-27 10:06:00,111 - cv.train - INFO - [epoch 167] loss=0.009 in 1.0sec
2026-01-27 10:06:00,197 - cv.train - INFO - [quick_eval] detections >= 0.5: 1
2026-01-27 10:06:01,212 - cv.train - INFO - [epoch 168] loss=0.017 in 1.0sec
2026-01-27 10:06:01,302 - cv.train - INFO - [quick_eval] detections >= 0.5: 1
2026-01-27 10:06:02,287 - cv.train - INFO - [epoch 169] loss=0.014 in 1.0sec
2026-01-27 10:06:02,374 - cv.train - INFO - [quick_eval] detections >= 0.5: 1
2026-01-27 10:06:03,375 - cv.train - INFO - [epoch 170] loss=0.010 in 1.0sec
2026-01-27 10:06:03,462 - cv.train - INFO - [quick_eval] detections >= 0.5: 1
2026-01-27 10:06:04,470 - cv.train - INFO - [epoch 171] loss=0.008 in 1.0sec
2026-01-27 10:06:04,562 - cv.train - INFO - [quick_eval] detections >= 0.5: 1
2026-01-27 10:06:05,537 - cv.train - INFO - [epoch 172] loss=0.013 in 1.0sec
2026-01-27 10:06:05,616 - cv.train - INFO - [quick_eval] detections >= 0.5: 1
2026-01-27 10:06:06,574 - cv.train - INFO - [epoch 173] loss=0.007 in 1.0sec
2026-01-27 10:06:06,655 - cv.train - INFO - [quick_eval] detections >= 0.5: 1
2026-01-27 10:06:06,655 - cv.train - INFO - New best model found at epoch 173 with loss 0.007 (previous best was 0.007).
2026-01-27 10:06:06,655 - cv.train - INFO - Removing previous best model file ssd300_vgg16-152epoch-0.007-20260127-1002.pth.
2026-01-27 10:06:06,902 - cv.train - INFO - New best model saved to ssd300_vgg16-173epoch-0.007-20260127-1002.pth (0.007 < 0.007).
2026-01-27 10:06:07,901 - cv.train - INFO - [epoch 174] loss=0.009 in 1.0sec
2026-01-27 10:06:07,980 - cv.train - INFO - [quick_eval] detections >= 0.5: 1
2026-01-27 10:06:08,995 - cv.train - INFO - [epoch 175] loss=0.013 in 1.0sec
2026-01-27 10:06:09,083 - cv.train - INFO - [quick_eval] detections >= 0.5: 1
2026-01-27 10:06:10,053 - cv.train - INFO - [epoch 176] loss=0.017 in 1.0sec
2026-01-27 10:06:10,137 - cv.train - INFO - [quick_eval] detections >= 0.5: 1
2026-01-27 10:06:11,146 - cv.train - INFO - [epoch 177] loss=0.014 in 1.0sec
2026-01-27 10:06:11,231 - cv.train - INFO - [quick_eval] detections >= 0.5: 1
2026-01-27 10:06:12,290 - cv.train - INFO - [epoch 178] loss=0.013 in 1.1sec
2026-01-27 10:06:12,380 - cv.train - INFO - [quick_eval] detections >= 0.5: 1
2026-01-27 10:06:13,360 - cv.train - INFO - [epoch 179] loss=0.019 in 1.0sec
2026-01-27 10:06:13,440 - cv.train - INFO - [quick_eval] detections >= 0.5: 1
2026-01-27 10:06:14,387 - cv.train - INFO - [epoch 180] loss=0.064 in 0.9sec
2026-01-27 10:06:14,467 - cv.train - INFO - [quick_eval] detections >= 0.5: 1
2026-01-27 10:06:15,455 - cv.train - INFO - [epoch 181] loss=0.010 in 1.0sec
2026-01-27 10:06:15,542 - cv.train - INFO - [quick_eval] detections >= 0.5: 1
2026-01-27 10:06:16,538 - cv.train - INFO - [epoch 182] loss=0.023 in 1.0sec
2026-01-27 10:06:16,633 - cv.train - INFO - [quick_eval] detections >= 0.5: 1
2026-01-27 10:06:17,640 - cv.train - INFO - [epoch 183] loss=0.018 in 1.0sec
2026-01-27 10:06:17,727 - cv.train - INFO - [quick_eval] detections >= 0.5: 1
2026-01-27 10:06:18,735 - cv.train - INFO - [epoch 184] loss=0.010 in 1.0sec
2026-01-27 10:06:18,816 - cv.train - INFO - [quick_eval] detections >= 0.5: 1
2026-01-27 10:06:19,829 - cv.train - INFO - [epoch 185] loss=0.045 in 1.0sec
2026-01-27 10:06:19,925 - cv.train - INFO - [quick_eval] detections >= 0.5: 1
2026-01-27 10:06:20,968 - cv.train - INFO - [epoch 186] loss=0.008 in 1.0sec
2026-01-27 10:06:21,053 - cv.train - INFO - [quick_eval] detections >= 0.5: 1
2026-01-27 10:06:22,062 - cv.train - INFO - [epoch 187] loss=0.010 in 1.0sec
2026-01-27 10:06:22,155 - cv.train - INFO - [quick_eval] detections >= 0.5: 1
2026-01-27 10:06:23,138 - cv.train - INFO - [epoch 188] loss=0.008 in 1.0sec
2026-01-27 10:06:23,224 - cv.train - INFO - [quick_eval] detections >= 0.5: 1
2026-01-27 10:06:24,207 - cv.train - INFO - [epoch 189] loss=0.041 in 1.0sec
2026-01-27 10:06:24,307 - cv.train - INFO - [quick_eval] detections >= 0.5: 1
2026-01-27 10:06:25,292 - cv.train - INFO - [epoch 190] loss=0.010 in 1.0sec
2026-01-27 10:06:25,381 - cv.train - INFO - [quick_eval] detections >= 0.5: 1
2026-01-27 10:06:26,415 - cv.train - INFO - [epoch 191] loss=0.021 in 1.0sec
2026-01-27 10:06:26,500 - cv.train - INFO - [quick_eval] detections >= 0.5: 1
2026-01-27 10:06:27,534 - cv.train - INFO - [epoch 192] loss=0.019 in 1.0sec
2026-01-27 10:06:27,619 - cv.train - INFO - [quick_eval] detections >= 0.5: 1
2026-01-27 10:06:28,627 - cv.train - INFO - [epoch 193] loss=0.012 in 1.0sec
2026-01-27 10:06:28,712 - cv.train - INFO - [quick_eval] detections >= 0.5: 1
2026-01-27 10:06:29,712 - cv.train - INFO - [epoch 194] loss=0.009 in 1.0sec
2026-01-27 10:06:29,805 - cv.train - INFO - [quick_eval] detections >= 0.5: 1
2026-01-27 10:06:30,792 - cv.train - INFO - [epoch 195] loss=0.008 in 1.0sec
2026-01-27 10:06:30,879 - cv.train - INFO - [quick_eval] detections >= 0.5: 1
2026-01-27 10:06:31,851 - cv.train - INFO - [epoch 196] loss=0.009 in 1.0sec
2026-01-27 10:06:31,935 - cv.train - INFO - [quick_eval] detections >= 0.5: 1
2026-01-27 10:06:32,985 - cv.train - INFO - [epoch 197] loss=0.009 in 1.0sec
2026-01-27 10:06:33,071 - cv.train - INFO - [quick_eval] detections >= 0.5: 1
2026-01-27 10:06:34,032 - cv.train - INFO - [epoch 198] loss=0.011 in 1.0sec
2026-01-27 10:06:34,112 - cv.train - INFO - [quick_eval] detections >= 0.5: 1
2026-01-27 10:06:35,122 - cv.train - INFO - [epoch 199] loss=0.013 in 1.0sec
2026-01-27 10:06:35,208 - cv.train - INFO - [quick_eval] detections >= 0.5: 1
2026-01-27 10:06:36,244 - cv.train - INFO - [epoch 200] loss=0.021 in 1.0sec
2026-01-27 10:06:36,340 - cv.train - INFO - [quick_eval] detections >= 0.5: 1
2026-01-27 10:06:37,365 - cv.train - INFO - [epoch 201] loss=0.013 in 1.0sec
2026-01-27 10:06:37,460 - cv.train - INFO - [quick_eval] detections >= 0.5: 1
2026-01-27 10:06:38,441 - cv.train - INFO - [epoch 202] loss=0.017 in 1.0sec
2026-01-27 10:06:38,529 - cv.train - INFO - [quick_eval] detections >= 0.5: 1
2026-01-27 10:06:39,539 - cv.train - INFO - [epoch 203] loss=0.020 in 1.0sec
2026-01-27 10:06:39,626 - cv.train - INFO - [quick_eval] detections >= 0.5: 1
2026-01-27 10:06:40,648 - cv.train - INFO - [epoch 204] loss=0.010 in 1.0sec
2026-01-27 10:06:40,734 - cv.train - INFO - [quick_eval] detections >= 0.5: 1
2026-01-27 10:06:41,722 - cv.train - INFO - [epoch 205] loss=0.015 in 1.0sec
2026-01-27 10:06:41,802 - cv.train - INFO - [quick_eval] detections >= 0.5: 1
2026-01-27 10:06:42,813 - cv.train - INFO - [epoch 206] loss=0.011 in 1.0sec
2026-01-27 10:06:42,908 - cv.train - INFO - [quick_eval] detections >= 0.5: 1
2026-01-27 10:06:43,930 - cv.train - INFO - [epoch 207] loss=0.016 in 1.0sec
2026-01-27 10:06:44,017 - cv.train - INFO - [quick_eval] detections >= 0.5: 1
2026-01-27 10:06:45,005 - cv.train - INFO - [epoch 208] loss=0.008 in 1.0sec
2026-01-27 10:06:45,083 - cv.train - INFO - [quick_eval] detections >= 0.5: 1
2026-01-27 10:06:46,072 - cv.train - INFO - [epoch 209] loss=0.012 in 1.0sec
2026-01-27 10:06:46,152 - cv.train - INFO - [quick_eval] detections >= 0.5: 1
2026-01-27 10:06:47,178 - cv.train - INFO - [epoch 210] loss=0.008 in 1.0sec
2026-01-27 10:06:47,263 - cv.train - INFO - [quick_eval] detections >= 0.5: 1
2026-01-27 10:06:48,257 - cv.train - INFO - [epoch 211] loss=0.013 in 1.0sec
2026-01-27 10:06:48,337 - cv.train - INFO - [quick_eval] detections >= 0.5: 1
2026-01-27 10:06:49,348 - cv.train - INFO - [epoch 212] loss=0.008 in 1.0sec
2026-01-27 10:06:49,434 - cv.train - INFO - [quick_eval] detections >= 0.5: 1
2026-01-27 10:06:50,461 - cv.train - INFO - [epoch 213] loss=0.010 in 1.0sec
2026-01-27 10:06:50,540 - cv.train - INFO - [quick_eval] detections >= 0.5: 1
2026-01-27 10:06:51,619 - cv.train - INFO - [epoch 214] loss=0.013 in 1.1sec
2026-01-27 10:06:51,707 - cv.train - INFO - [quick_eval] detections >= 0.5: 1
2026-01-27 10:06:52,761 - cv.train - INFO - [epoch 215] loss=0.012 in 1.1sec
2026-01-27 10:06:52,842 - cv.train - INFO - [quick_eval] detections >= 0.5: 1
2026-01-27 10:06:53,813 - cv.train - INFO - [epoch 216] loss=0.013 in 1.0sec
2026-01-27 10:06:53,905 - cv.train - INFO - [quick_eval] detections >= 0.5: 1
2026-01-27 10:06:54,960 - cv.train - INFO - [epoch 217] loss=0.016 in 1.1sec
2026-01-27 10:06:55,040 - cv.train - INFO - [quick_eval] detections >= 0.5: 1
2026-01-27 10:06:56,011 - cv.train - INFO - [epoch 218] loss=0.011 in 1.0sec
2026-01-27 10:06:56,090 - cv.train - INFO - [quick_eval] detections >= 0.5: 1
2026-01-27 10:06:57,061 - cv.train - INFO - [epoch 219] loss=0.009 in 1.0sec
2026-01-27 10:06:57,146 - cv.train - INFO - [quick_eval] detections >= 0.5: 1
2026-01-27 10:06:58,113 - cv.train - INFO - [epoch 220] loss=0.006 in 1.0sec
2026-01-27 10:06:58,193 - cv.train - INFO - [quick_eval] detections >= 0.5: 1
2026-01-27 10:06:58,194 - cv.train - INFO - New best model found at epoch 220 with loss 0.006 (previous best was 0.007).
2026-01-27 10:06:58,194 - cv.train - INFO - Removing previous best model file ssd300_vgg16-173epoch-0.007-20260127-1002.pth.
2026-01-27 10:06:58,426 - cv.train - INFO - New best model saved to ssd300_vgg16-220epoch-0.006-20260127-1002.pth (0.006 < 0.007).
2026-01-27 10:06:59,471 - cv.train - INFO - [epoch 221] loss=0.007 in 1.0sec
2026-01-27 10:06:59,562 - cv.train - INFO - [quick_eval] detections >= 0.5: 1
2026-01-27 10:07:00,595 - cv.train - INFO - [epoch 222] loss=0.007 in 1.0sec
2026-01-27 10:07:00,691 - cv.train - INFO - [quick_eval] detections >= 0.5: 1
2026-01-27 10:07:01,694 - cv.train - INFO - [epoch 223] loss=0.009 in 1.0sec
2026-01-27 10:07:01,788 - cv.train - INFO - [quick_eval] detections >= 0.5: 1
2026-01-27 10:07:02,799 - cv.train - INFO - [epoch 224] loss=0.007 in 1.0sec
2026-01-27 10:07:02,890 - cv.train - INFO - [quick_eval] detections >= 0.5: 1
2026-01-27 10:07:03,853 - cv.train - INFO - [epoch 225] loss=0.007 in 1.0sec
2026-01-27 10:07:03,936 - cv.train - INFO - [quick_eval] detections >= 0.5: 1
2026-01-27 10:07:04,906 - cv.train - INFO - [epoch 226] loss=0.005 in 1.0sec
2026-01-27 10:07:04,992 - cv.train - INFO - [quick_eval] detections >= 0.5: 1
2026-01-27 10:07:04,993 - cv.train - INFO - New best model found at epoch 226 with loss 0.005 (previous best was 0.006).
2026-01-27 10:07:04,993 - cv.train - INFO - Removing previous best model file ssd300_vgg16-220epoch-0.006-20260127-1002.pth.
2026-01-27 10:07:05,223 - cv.train - INFO - New best model saved to ssd300_vgg16-226epoch-0.005-20260127-1002.pth (0.005 < 0.006).
2026-01-27 10:07:06,220 - cv.train - INFO - [epoch 227] loss=0.005 in 1.0sec
2026-01-27 10:07:06,306 - cv.train - INFO - [quick_eval] detections >= 0.5: 1
2026-01-27 10:07:06,306 - cv.train - INFO - New best model found at epoch 227 with loss 0.005 (previous best was 0.005).
2026-01-27 10:07:06,306 - cv.train - INFO - Removing previous best model file ssd300_vgg16-226epoch-0.005-20260127-1002.pth.
2026-01-27 10:07:06,541 - cv.train - INFO - New best model saved to ssd300_vgg16-227epoch-0.005-20260127-1002.pth (0.005 < 0.005).
2026-01-27 10:07:07,568 - cv.train - INFO - [epoch 228] loss=0.011 in 1.0sec
2026-01-27 10:07:07,657 - cv.train - INFO - [quick_eval] detections >= 0.5: 1
2026-01-27 10:07:08,632 - cv.train - INFO - [epoch 229] loss=0.011 in 1.0sec
2026-01-27 10:07:08,712 - cv.train - INFO - [quick_eval] detections >= 0.5: 1
2026-01-27 10:07:09,683 - cv.train - INFO - [epoch 230] loss=0.009 in 1.0sec
2026-01-27 10:07:09,764 - cv.train - INFO - [quick_eval] detections >= 0.5: 1
2026-01-27 10:07:10,767 - cv.train - INFO - [epoch 231] loss=0.008 in 1.0sec
2026-01-27 10:07:10,856 - cv.train - INFO - [quick_eval] detections >= 0.5: 1
2026-01-27 10:07:11,894 - cv.train - INFO - [epoch 232] loss=0.012 in 1.0sec
2026-01-27 10:07:11,989 - cv.train - INFO - [quick_eval] detections >= 0.5: 1
2026-01-27 10:07:12,959 - cv.train - INFO - [epoch 233] loss=0.012 in 1.0sec
2026-01-27 10:07:13,055 - cv.train - INFO - [quick_eval] detections >= 0.5: 1
2026-01-27 10:07:14,068 - cv.train - INFO - [epoch 234] loss=0.039 in 1.0sec
2026-01-27 10:07:14,159 - cv.train - INFO - [quick_eval] detections >= 0.5: 1
2026-01-27 10:07:15,147 - cv.train - INFO - [epoch 235] loss=0.009 in 1.0sec
2026-01-27 10:07:15,235 - cv.train - INFO - [quick_eval] detections >= 0.5: 1
2026-01-27 10:07:16,215 - cv.train - INFO - [epoch 236] loss=0.010 in 1.0sec
2026-01-27 10:07:16,296 - cv.train - INFO - [quick_eval] detections >= 0.5: 1
2026-01-27 10:07:17,292 - cv.train - INFO - [epoch 237] loss=0.010 in 1.0sec
2026-01-27 10:07:17,384 - cv.train - INFO - [quick_eval] detections >= 0.5: 1
2026-01-27 10:07:18,390 - cv.train - INFO - [epoch 238] loss=0.015 in 1.0sec
2026-01-27 10:07:18,480 - cv.train - INFO - [quick_eval] detections >= 0.5: 1
2026-01-27 10:07:19,531 - cv.train - INFO - [epoch 239] loss=0.010 in 1.0sec
2026-01-27 10:07:19,618 - cv.train - INFO - [quick_eval] detections >= 0.5: 1
2026-01-27 10:07:20,610 - cv.train - INFO - [epoch 240] loss=0.008 in 1.0sec
2026-01-27 10:07:20,689 - cv.train - INFO - [quick_eval] detections >= 0.5: 1
2026-01-27 10:07:21,690 - cv.train - INFO - [epoch 241] loss=0.008 in 1.0sec
2026-01-27 10:07:21,778 - cv.train - INFO - [quick_eval] detections >= 0.5: 1
2026-01-27 10:07:22,766 - cv.train - INFO - [epoch 242] loss=0.012 in 1.0sec
2026-01-27 10:07:22,853 - cv.train - INFO - [quick_eval] detections >= 0.5: 1
2026-01-27 10:07:23,914 - cv.train - INFO - [epoch 243] loss=0.028 in 1.1sec
2026-01-27 10:07:24,001 - cv.train - INFO - [quick_eval] detections >= 0.5: 1
2026-01-27 10:07:25,068 - cv.train - INFO - [epoch 244] loss=0.010 in 1.1sec
2026-01-27 10:07:25,156 - cv.train - INFO - [quick_eval] detections >= 0.5: 1
2026-01-27 10:07:26,146 - cv.train - INFO - [epoch 245] loss=0.008 in 1.0sec
2026-01-27 10:07:26,226 - cv.train - INFO - [quick_eval] detections >= 0.5: 1
2026-01-27 10:07:27,214 - cv.train - INFO - [epoch 246] loss=0.006 in 1.0sec
2026-01-27 10:07:27,305 - cv.train - INFO - [quick_eval] detections >= 0.5: 1
2026-01-27 10:07:28,314 - cv.train - INFO - [epoch 247] loss=0.018 in 1.0sec
2026-01-27 10:07:28,396 - cv.train - INFO - [quick_eval] detections >= 0.5: 1
2026-01-27 10:07:29,398 - cv.train - INFO - [epoch 248] loss=0.011 in 1.0sec
2026-01-27 10:07:29,484 - cv.train - INFO - [quick_eval] detections >= 0.5: 1
2026-01-27 10:07:30,469 - cv.train - INFO - [epoch 249] loss=0.014 in 1.0sec
2026-01-27 10:07:30,561 - cv.train - INFO - [quick_eval] detections >= 0.5: 1
2026-01-27 10:07:31,563 - cv.train - INFO - [epoch 250] loss=0.009 in 1.0sec
2026-01-27 10:07:31,652 - cv.train - INFO - [quick_eval] detections >= 0.5: 1
2026-01-27 10:07:32,702 - cv.train - INFO - [epoch 251] loss=0.007 in 1.0sec
2026-01-27 10:07:32,789 - cv.train - INFO - [quick_eval] detections >= 0.5: 1
2026-01-27 10:07:33,789 - cv.train - INFO - [epoch 252] loss=0.007 in 1.0sec
2026-01-27 10:07:33,877 - cv.train - INFO - [quick_eval] detections >= 0.5: 1
2026-01-27 10:07:34,870 - cv.train - INFO - [epoch 253] loss=0.009 in 1.0sec
2026-01-27 10:07:34,958 - cv.train - INFO - [quick_eval] detections >= 0.5: 1
2026-01-27 10:07:35,936 - cv.train - INFO - [epoch 254] loss=0.033 in 1.0sec
2026-01-27 10:07:36,025 - cv.train - INFO - [quick_eval] detections >= 0.5: 1
2026-01-27 10:07:37,019 - cv.train - INFO - [epoch 255] loss=0.013 in 1.0sec
2026-01-27 10:07:37,107 - cv.train - INFO - [quick_eval] detections >= 0.5: 1
2026-01-27 10:07:38,165 - cv.train - INFO - [epoch 256] loss=0.009 in 1.1sec
2026-01-27 10:07:38,250 - cv.train - INFO - [quick_eval] detections >= 0.5: 1
2026-01-27 10:07:39,314 - cv.train - INFO - [epoch 257] loss=0.011 in 1.1sec
2026-01-27 10:07:39,403 - cv.train - INFO - [quick_eval] detections >= 0.5: 1
2026-01-27 10:07:40,391 - cv.train - INFO - [epoch 258] loss=0.008 in 1.0sec
2026-01-27 10:07:40,472 - cv.train - INFO - [quick_eval] detections >= 0.5: 1
2026-01-27 10:07:41,501 - cv.train - INFO - [epoch 259] loss=0.007 in 1.0sec
2026-01-27 10:07:41,590 - cv.train - INFO - [quick_eval] detections >= 0.5: 1
2026-01-27 10:07:42,614 - cv.train - INFO - [epoch 260] loss=0.010 in 1.0sec
2026-01-27 10:07:42,700 - cv.train - INFO - [quick_eval] detections >= 0.5: 1
2026-01-27 10:07:43,703 - cv.train - INFO - [epoch 261] loss=0.018 in 1.0sec
2026-01-27 10:07:43,791 - cv.train - INFO - [quick_eval] detections >= 0.5: 1
2026-01-27 10:07:44,832 - cv.train - INFO - [epoch 262] loss=0.010 in 1.0sec
2026-01-27 10:07:44,919 - cv.train - INFO - [quick_eval] detections >= 0.5: 1
2026-01-27 10:07:45,913 - cv.train - INFO - [epoch 263] loss=0.010 in 1.0sec
2026-01-27 10:07:45,994 - cv.train - INFO - [quick_eval] detections >= 0.5: 1
2026-01-27 10:07:46,970 - cv.train - INFO - [epoch 264] loss=0.007 in 1.0sec
2026-01-27 10:07:47,052 - cv.train - INFO - [quick_eval] detections >= 0.5: 1
2026-01-27 10:07:48,090 - cv.train - INFO - [epoch 265] loss=0.007 in 1.0sec
2026-01-27 10:07:48,181 - cv.train - INFO - [quick_eval] detections >= 0.5: 1
2026-01-27 10:07:49,167 - cv.train - INFO - [epoch 266] loss=0.006 in 1.0sec
2026-01-27 10:07:49,248 - cv.train - INFO - [quick_eval] detections >= 0.5: 1
2026-01-27 10:07:50,247 - cv.train - INFO - [epoch 267] loss=0.010 in 1.0sec
2026-01-27 10:07:50,334 - cv.train - INFO - [quick_eval] detections >= 0.5: 1
2026-01-27 10:07:51,341 - cv.train - INFO - [epoch 268] loss=0.012 in 1.0sec
2026-01-27 10:07:51,426 - cv.train - INFO - [quick_eval] detections >= 0.5: 1
2026-01-27 10:07:52,438 - cv.train - INFO - [epoch 269] loss=0.006 in 1.0sec
2026-01-27 10:07:52,531 - cv.train - INFO - [quick_eval] detections >= 0.5: 1
2026-01-27 10:07:53,568 - cv.train - INFO - [epoch 270] loss=0.031 in 1.0sec
2026-01-27 10:07:53,656 - cv.train - INFO - [quick_eval] detections >= 0.5: 1
2026-01-27 10:07:54,641 - cv.train - INFO - [epoch 271] loss=0.016 in 1.0sec
2026-01-27 10:07:54,734 - cv.train - INFO - [quick_eval] detections >= 0.5: 1
2026-01-27 10:07:55,730 - cv.train - INFO - [epoch 272] loss=0.013 in 1.0sec
2026-01-27 10:07:55,817 - cv.train - INFO - [quick_eval] detections >= 0.5: 1
2026-01-27 10:07:56,800 - cv.train - INFO - [epoch 273] loss=0.035 in 1.0sec
2026-01-27 10:07:56,888 - cv.train - INFO - [quick_eval] detections >= 0.5: 1
2026-01-27 10:07:57,880 - cv.train - INFO - [epoch 274] loss=0.010 in 1.0sec
2026-01-27 10:07:57,962 - cv.train - INFO - [quick_eval] detections >= 0.5: 1
2026-01-27 10:07:58,957 - cv.train - INFO - [epoch 275] loss=0.011 in 1.0sec
2026-01-27 10:07:59,047 - cv.train - INFO - [quick_eval] detections >= 0.5: 1
2026-01-27 10:08:00,021 - cv.train - INFO - [epoch 276] loss=0.010 in 1.0sec
2026-01-27 10:08:00,111 - cv.train - INFO - [quick_eval] detections >= 0.5: 1
2026-01-27 10:08:01,098 - cv.train - INFO - [epoch 277] loss=0.006 in 1.0sec
2026-01-27 10:08:01,178 - cv.train - INFO - [quick_eval] detections >= 0.5: 1
2026-01-27 10:08:02,209 - cv.train - INFO - [epoch 278] loss=0.005 in 1.0sec
2026-01-27 10:08:02,296 - cv.train - INFO - [quick_eval] detections >= 0.5: 1
2026-01-27 10:08:02,297 - cv.train - INFO - New best model found at epoch 278 with loss 0.005 (previous best was 0.005).
2026-01-27 10:08:02,297 - cv.train - INFO - Removing previous best model file ssd300_vgg16-227epoch-0.005-20260127-1002.pth.
2026-01-27 10:08:02,561 - cv.train - INFO - New best model saved to ssd300_vgg16-278epoch-0.005-20260127-1002.pth (0.005 < 0.005).
2026-01-27 10:08:03,579 - cv.train - INFO - [epoch 279] loss=0.007 in 1.0sec
2026-01-27 10:08:03,658 - cv.train - INFO - [quick_eval] detections >= 0.5: 1
2026-01-27 10:08:04,725 - cv.train - INFO - [epoch 280] loss=0.008 in 1.1sec
2026-01-27 10:08:04,821 - cv.train - INFO - [quick_eval] detections >= 0.5: 1
2026-01-27 10:08:05,862 - cv.train - INFO - [epoch 281] loss=0.008 in 1.0sec
2026-01-27 10:08:05,949 - cv.train - INFO - [quick_eval] detections >= 0.5: 1
2026-01-27 10:08:06,951 - cv.train - INFO - [epoch 282] loss=0.008 in 1.0sec
2026-01-27 10:08:07,031 - cv.train - INFO - [quick_eval] detections >= 0.5: 1
2026-01-27 10:08:08,107 - cv.train - INFO - [epoch 283] loss=0.008 in 1.1sec
2026-01-27 10:08:08,194 - cv.train - INFO - [quick_eval] detections >= 0.5: 1
2026-01-27 10:08:09,205 - cv.train - INFO - [epoch 284] loss=0.007 in 1.0sec
2026-01-27 10:08:09,294 - cv.train - INFO - [quick_eval] detections >= 0.5: 1
2026-01-27 10:08:10,301 - cv.train - INFO - [epoch 285] loss=0.007 in 1.0sec
2026-01-27 10:08:10,381 - cv.train - INFO - [quick_eval] detections >= 0.5: 1
2026-01-27 10:08:11,418 - cv.train - INFO - [epoch 286] loss=0.006 in 1.0sec
2026-01-27 10:08:11,506 - cv.train - INFO - [quick_eval] detections >= 0.5: 1
2026-01-27 10:08:12,492 - cv.train - INFO - [epoch 287] loss=0.006 in 1.0sec
2026-01-27 10:08:12,580 - cv.train - INFO - [quick_eval] detections >= 0.5: 1
2026-01-27 10:08:13,561 - cv.train - INFO - [epoch 288] loss=0.008 in 1.0sec
2026-01-27 10:08:13,640 - cv.train - INFO - [quick_eval] detections >= 0.5: 1
2026-01-27 10:08:14,715 - cv.train - INFO - [epoch 289] loss=0.007 in 1.1sec
2026-01-27 10:08:14,804 - cv.train - INFO - [quick_eval] detections >= 0.5: 1
2026-01-27 10:08:15,828 - cv.train - INFO - [epoch 290] loss=0.005 in 1.0sec
2026-01-27 10:08:15,917 - cv.train - INFO - [quick_eval] detections >= 0.5: 1
2026-01-27 10:08:16,948 - cv.train - INFO - [epoch 291] loss=0.005 in 1.0sec
2026-01-27 10:08:17,027 - cv.train - INFO - [quick_eval] detections >= 0.5: 1
2026-01-27 10:08:18,032 - cv.train - INFO - [epoch 292] loss=0.006 in 1.0sec
2026-01-27 10:08:18,114 - cv.train - INFO - [quick_eval] detections >= 0.5: 1
2026-01-27 10:08:19,057 - cv.train - INFO - [epoch 293] loss=0.007 in 0.9sec
2026-01-27 10:08:19,138 - cv.train - INFO - [quick_eval] detections >= 0.5: 1
2026-01-27 10:08:20,148 - cv.train - INFO - [epoch 294] loss=0.004 in 1.0sec
2026-01-27 10:08:20,234 - cv.train - INFO - [quick_eval] detections >= 0.5: 1
2026-01-27 10:08:20,235 - cv.train - INFO - New best model found at epoch 294 with loss 0.004 (previous best was 0.005).
2026-01-27 10:08:20,235 - cv.train - INFO - Removing previous best model file ssd300_vgg16-278epoch-0.005-20260127-1002.pth.
2026-01-27 10:08:20,486 - cv.train - INFO - New best model saved to ssd300_vgg16-294epoch-0.004-20260127-1002.pth (0.004 < 0.005).
2026-01-27 10:08:21,510 - cv.train - INFO - [epoch 295] loss=0.009 in 1.0sec
2026-01-27 10:08:21,605 - cv.train - INFO - [quick_eval] detections >= 0.5: 1
2026-01-27 10:08:22,666 - cv.train - INFO - [epoch 296] loss=0.008 in 1.1sec
2026-01-27 10:08:22,754 - cv.train - INFO - [quick_eval] detections >= 0.5: 1
2026-01-27 10:08:23,758 - cv.train - INFO - [epoch 297] loss=0.005 in 1.0sec
2026-01-27 10:08:23,843 - cv.train - INFO - [quick_eval] detections >= 0.5: 1
2026-01-27 10:08:24,819 - cv.train - INFO - [epoch 298] loss=0.005 in 1.0sec
2026-01-27 10:08:24,902 - cv.train - INFO - [quick_eval] detections >= 0.5: 1
2026-01-27 10:08:25,923 - cv.train - INFO - [epoch 299] loss=0.006 in 1.0sec
2026-01-27 10:08:26,015 - cv.train - INFO - [quick_eval] detections >= 0.5: 1
2026-01-27 10:08:26,970 - cv.train - INFO - [epoch 300] loss=0.007 in 1.0sec
2026-01-27 10:08:27,050 - cv.train - INFO - [quick_eval] detections >= 0.5: 1
