2026-01-21 16:15:48,907 - cv.datasets - INFO - Utilizzo il dataset base
2026-01-21 16:15:48,907 - cv.datasets - INFO - Dataset Penn-Fudan già presente.
2026-01-21 16:15:48,911 - cv.datasets - INFO - Utilizzo il dataset extended
2026-01-21 16:15:48,924 - cv.datasets - INFO - Trovati 423 oggetti in 170 immagini.
2026-01-21 16:15:48,940 - cv.train - INFO - CUDA disponibile. Uso la GPU.
2026-01-21 16:16:10,543 - cv.train - INFO - [epoch 1] loss=1.629 in 19.3sec
2026-01-21 16:16:10,810 - cv.train - INFO - [quick_eval] detections >= 0.5: 1
2026-01-21 16:16:10,812 - cv.train - INFO - New best model found at epoch 1 with loss 1.629 (previous best was 999.000).
2026-01-21 16:16:10,957 - cv.train - INFO - New best model saved to ssd300_vgg16-1epoch-1.629-20260121-1615.pth (1.629 < 999.000).
2026-01-21 16:16:29,579 - cv.train - INFO - [epoch 2] loss=1.158 in 18.5sec
2026-01-21 16:16:29,768 - cv.train - INFO - [quick_eval] detections >= 0.5: 1
2026-01-21 16:16:29,769 - cv.train - INFO - New best model found at epoch 2 with loss 1.158 (previous best was 1.629).
2026-01-21 16:16:29,769 - cv.train - INFO - Removing previous best model file ssd300_vgg16-1epoch-1.629-20260121-1615.pth.
2026-01-21 16:16:29,932 - cv.train - INFO - New best model saved to ssd300_vgg16-2epoch-1.158-20260121-1615.pth (1.158 < 1.629).
2026-01-21 16:16:48,570 - cv.train - INFO - [epoch 3] loss=0.813 in 18.5sec
2026-01-21 16:16:48,762 - cv.train - INFO - [quick_eval] detections >= 0.5: 1
2026-01-21 16:16:48,763 - cv.train - INFO - New best model found at epoch 3 with loss 0.813 (previous best was 1.158).
2026-01-21 16:16:48,763 - cv.train - INFO - Removing previous best model file ssd300_vgg16-2epoch-1.158-20260121-1615.pth.
2026-01-21 16:16:48,928 - cv.train - INFO - New best model saved to ssd300_vgg16-3epoch-0.813-20260121-1615.pth (0.813 < 1.158).
2026-01-21 16:17:07,528 - cv.train - INFO - [epoch 4] loss=0.624 in 18.5sec
2026-01-21 16:17:07,715 - cv.train - INFO - [quick_eval] detections >= 0.5: 1
2026-01-21 16:17:07,717 - cv.train - INFO - New best model found at epoch 4 with loss 0.624 (previous best was 0.813).
2026-01-21 16:17:07,717 - cv.train - INFO - Removing previous best model file ssd300_vgg16-3epoch-0.813-20260121-1615.pth.
2026-01-21 16:17:07,882 - cv.train - INFO - New best model saved to ssd300_vgg16-4epoch-0.624-20260121-1615.pth (0.624 < 0.813).
2026-01-21 16:17:26,527 - cv.train - INFO - [epoch 5] loss=0.862 in 18.5sec
2026-01-21 16:17:26,714 - cv.train - INFO - [quick_eval] detections >= 0.5: 1
2026-01-21 16:17:45,361 - cv.train - INFO - [epoch 6] loss=0.365 in 18.5sec
2026-01-21 16:17:45,548 - cv.train - INFO - [quick_eval] detections >= 0.5: 1
2026-01-21 16:17:45,549 - cv.train - INFO - New best model found at epoch 6 with loss 0.365 (previous best was 0.624).
2026-01-21 16:17:45,549 - cv.train - INFO - Removing previous best model file ssd300_vgg16-4epoch-0.624-20260121-1615.pth.
2026-01-21 16:17:45,707 - cv.train - INFO - New best model saved to ssd300_vgg16-6epoch-0.365-20260121-1615.pth (0.365 < 0.624).
2026-01-21 16:18:04,385 - cv.train - INFO - [epoch 7] loss=0.338 in 18.6sec
2026-01-21 16:18:04,591 - cv.train - INFO - [quick_eval] detections >= 0.5: 1
2026-01-21 16:18:04,593 - cv.train - INFO - New best model found at epoch 7 with loss 0.338 (previous best was 0.365).
2026-01-21 16:18:04,593 - cv.train - INFO - Removing previous best model file ssd300_vgg16-6epoch-0.365-20260121-1615.pth.
2026-01-21 16:18:04,807 - cv.train - INFO - New best model saved to ssd300_vgg16-7epoch-0.338-20260121-1615.pth (0.338 < 0.365).
2026-01-21 16:18:23,459 - cv.train - INFO - [epoch 8] loss=0.632 in 18.5sec
2026-01-21 16:18:23,649 - cv.train - INFO - [quick_eval] detections >= 0.5: 1
2026-01-21 16:18:42,327 - cv.train - INFO - [epoch 9] loss=0.667 in 18.5sec
2026-01-21 16:18:42,521 - cv.train - INFO - [quick_eval] detections >= 0.5: 1
2026-01-21 16:19:01,148 - cv.train - INFO - [epoch 10] loss=0.496 in 18.5sec
2026-01-21 16:19:01,333 - cv.train - INFO - [quick_eval] detections >= 0.5: 1
2026-01-21 16:19:19,962 - cv.train - INFO - [epoch 11] loss=0.326 in 18.5sec
2026-01-21 16:19:20,149 - cv.train - INFO - [quick_eval] detections >= 0.5: 1
2026-01-21 16:19:20,150 - cv.train - INFO - New best model found at epoch 11 with loss 0.326 (previous best was 0.338).
2026-01-21 16:19:20,150 - cv.train - INFO - Removing previous best model file ssd300_vgg16-7epoch-0.338-20260121-1615.pth.
2026-01-21 16:19:20,312 - cv.train - INFO - New best model saved to ssd300_vgg16-11epoch-0.326-20260121-1615.pth (0.326 < 0.338).
2026-01-21 16:19:38,949 - cv.train - INFO - [epoch 12] loss=0.163 in 18.5sec
2026-01-21 16:19:39,144 - cv.train - INFO - [quick_eval] detections >= 0.5: 1
2026-01-21 16:19:39,145 - cv.train - INFO - New best model found at epoch 12 with loss 0.163 (previous best was 0.326).
2026-01-21 16:19:39,145 - cv.train - INFO - Removing previous best model file ssd300_vgg16-11epoch-0.326-20260121-1615.pth.
2026-01-21 16:19:39,310 - cv.train - INFO - New best model saved to ssd300_vgg16-12epoch-0.163-20260121-1615.pth (0.163 < 0.326).
2026-01-21 16:19:57,942 - cv.train - INFO - [epoch 13] loss=0.236 in 18.5sec
2026-01-21 16:19:58,129 - cv.train - INFO - [quick_eval] detections >= 0.5: 1
2026-01-21 16:20:16,755 - cv.train - INFO - [epoch 14] loss=0.186 in 18.5sec
2026-01-21 16:20:16,943 - cv.train - INFO - [quick_eval] detections >= 0.5: 1
2026-01-21 16:20:35,576 - cv.train - INFO - [epoch 15] loss=0.142 in 18.5sec
2026-01-21 16:20:35,762 - cv.train - INFO - [quick_eval] detections >= 0.5: 1
2026-01-21 16:20:35,764 - cv.train - INFO - New best model found at epoch 15 with loss 0.142 (previous best was 0.163).
2026-01-21 16:20:35,764 - cv.train - INFO - Removing previous best model file ssd300_vgg16-12epoch-0.163-20260121-1615.pth.
2026-01-21 16:20:35,927 - cv.train - INFO - New best model saved to ssd300_vgg16-15epoch-0.142-20260121-1615.pth (0.142 < 0.163).
2026-01-21 16:20:54,567 - cv.train - INFO - [epoch 16] loss=0.149 in 18.5sec
2026-01-21 16:20:54,754 - cv.train - INFO - [quick_eval] detections >= 0.5: 1
2026-01-21 16:21:13,375 - cv.train - INFO - [epoch 17] loss=0.124 in 18.5sec
2026-01-21 16:21:13,562 - cv.train - INFO - [quick_eval] detections >= 0.5: 1
2026-01-21 16:21:13,564 - cv.train - INFO - New best model found at epoch 17 with loss 0.124 (previous best was 0.142).
2026-01-21 16:21:13,564 - cv.train - INFO - Removing previous best model file ssd300_vgg16-15epoch-0.142-20260121-1615.pth.
2026-01-21 16:21:13,726 - cv.train - INFO - New best model saved to ssd300_vgg16-17epoch-0.124-20260121-1615.pth (0.124 < 0.142).
2026-01-21 16:21:32,347 - cv.train - INFO - [epoch 18] loss=0.180 in 18.5sec
2026-01-21 16:21:32,535 - cv.train - INFO - [quick_eval] detections >= 0.5: 1
2026-01-21 16:21:51,163 - cv.train - INFO - [epoch 19] loss=0.146 in 18.5sec
2026-01-21 16:21:51,351 - cv.train - INFO - [quick_eval] detections >= 0.5: 1
2026-01-21 16:22:10,004 - cv.train - INFO - [epoch 20] loss=0.178 in 18.5sec
2026-01-21 16:22:10,191 - cv.train - INFO - [quick_eval] detections >= 0.5: 1
2026-01-21 16:22:28,808 - cv.train - INFO - [epoch 21] loss=0.060 in 18.5sec
2026-01-21 16:22:28,997 - cv.train - INFO - [quick_eval] detections >= 0.5: 1
2026-01-21 16:22:28,999 - cv.train - INFO - New best model found at epoch 21 with loss 0.060 (previous best was 0.124).
2026-01-21 16:22:28,999 - cv.train - INFO - Removing previous best model file ssd300_vgg16-17epoch-0.124-20260121-1615.pth.
2026-01-21 16:22:29,160 - cv.train - INFO - New best model saved to ssd300_vgg16-21epoch-0.060-20260121-1615.pth (0.060 < 0.124).
2026-01-21 16:22:47,803 - cv.train - INFO - [epoch 22] loss=0.089 in 18.5sec
2026-01-21 16:22:47,995 - cv.train - INFO - [quick_eval] detections >= 0.5: 1
2026-01-21 16:23:06,683 - cv.train - INFO - [epoch 23] loss=0.062 in 18.6sec
2026-01-21 16:23:06,881 - cv.train - INFO - [quick_eval] detections >= 0.5: 1
2026-01-21 16:23:25,571 - cv.train - INFO - [epoch 24] loss=0.117 in 18.6sec
2026-01-21 16:23:25,757 - cv.train - INFO - [quick_eval] detections >= 0.5: 1
2026-01-21 16:23:44,377 - cv.train - INFO - [epoch 25] loss=0.067 in 18.5sec
2026-01-21 16:23:44,564 - cv.train - INFO - [quick_eval] detections >= 0.5: 1
2026-01-21 16:24:03,187 - cv.train - INFO - [epoch 26] loss=0.061 in 18.5sec
2026-01-21 16:24:03,378 - cv.train - INFO - [quick_eval] detections >= 0.5: 1
2026-01-21 16:24:22,022 - cv.train - INFO - [epoch 27] loss=0.042 in 18.5sec
2026-01-21 16:24:22,209 - cv.train - INFO - [quick_eval] detections >= 0.5: 1
2026-01-21 16:24:22,210 - cv.train - INFO - New best model found at epoch 27 with loss 0.042 (previous best was 0.060).
2026-01-21 16:24:22,210 - cv.train - INFO - Removing previous best model file ssd300_vgg16-21epoch-0.060-20260121-1615.pth.
2026-01-21 16:24:22,372 - cv.train - INFO - New best model saved to ssd300_vgg16-27epoch-0.042-20260121-1615.pth (0.042 < 0.060).
2026-01-21 16:24:40,989 - cv.train - INFO - [epoch 28] loss=0.103 in 18.5sec
2026-01-21 16:24:41,178 - cv.train - INFO - [quick_eval] detections >= 0.5: 1
2026-01-21 16:24:59,796 - cv.train - INFO - [epoch 29] loss=0.064 in 18.5sec
2026-01-21 16:24:59,990 - cv.train - INFO - [quick_eval] detections >= 0.5: 1
2026-01-21 16:25:18,608 - cv.train - INFO - [epoch 30] loss=0.038 in 18.5sec
2026-01-21 16:25:18,795 - cv.train - INFO - [quick_eval] detections >= 0.5: 1
2026-01-21 16:25:18,796 - cv.train - INFO - New best model found at epoch 30 with loss 0.038 (previous best was 0.042).
2026-01-21 16:25:18,797 - cv.train - INFO - Removing previous best model file ssd300_vgg16-27epoch-0.042-20260121-1615.pth.
2026-01-21 16:25:18,961 - cv.train - INFO - New best model saved to ssd300_vgg16-30epoch-0.038-20260121-1615.pth (0.038 < 0.042).
2026-01-21 16:25:37,572 - cv.train - INFO - [epoch 31] loss=0.056 in 18.5sec
2026-01-21 16:25:37,761 - cv.train - INFO - [quick_eval] detections >= 0.5: 1
2026-01-21 16:25:56,390 - cv.train - INFO - [epoch 32] loss=0.031 in 18.5sec
2026-01-21 16:25:56,579 - cv.train - INFO - [quick_eval] detections >= 0.5: 1
2026-01-21 16:25:56,580 - cv.train - INFO - New best model found at epoch 32 with loss 0.031 (previous best was 0.038).
2026-01-21 16:25:56,581 - cv.train - INFO - Removing previous best model file ssd300_vgg16-30epoch-0.038-20260121-1615.pth.
2026-01-21 16:25:56,745 - cv.train - INFO - New best model saved to ssd300_vgg16-32epoch-0.031-20260121-1615.pth (0.031 < 0.038).
2026-01-21 16:26:15,370 - cv.train - INFO - [epoch 33] loss=0.135 in 18.5sec
2026-01-21 16:26:15,559 - cv.train - INFO - [quick_eval] detections >= 0.5: 1
2026-01-21 16:26:34,170 - cv.train - INFO - [epoch 34] loss=0.088 in 18.5sec
2026-01-21 16:26:34,358 - cv.train - INFO - [quick_eval] detections >= 0.5: 1
2026-01-21 16:26:52,972 - cv.train - INFO - [epoch 35] loss=0.051 in 18.5sec
2026-01-21 16:26:53,160 - cv.train - INFO - [quick_eval] detections >= 0.5: 1
2026-01-21 16:27:11,786 - cv.train - INFO - [epoch 36] loss=0.058 in 18.5sec
2026-01-21 16:27:11,976 - cv.train - INFO - [quick_eval] detections >= 0.5: 1
2026-01-21 16:27:30,604 - cv.train - INFO - [epoch 37] loss=0.072 in 18.5sec
2026-01-21 16:27:30,791 - cv.train - INFO - [quick_eval] detections >= 0.5: 1
2026-01-21 16:27:49,414 - cv.train - INFO - [epoch 38] loss=0.041 in 18.5sec
2026-01-21 16:27:49,604 - cv.train - INFO - [quick_eval] detections >= 0.5: 1
2026-01-21 16:28:08,207 - cv.train - INFO - [epoch 39] loss=0.057 in 18.5sec
2026-01-21 16:28:08,395 - cv.train - INFO - [quick_eval] detections >= 0.5: 1
2026-01-21 16:28:27,006 - cv.train - INFO - [epoch 40] loss=0.070 in 18.5sec
2026-01-21 16:28:27,196 - cv.train - INFO - [quick_eval] detections >= 0.5: 1
2026-01-21 16:28:45,823 - cv.train - INFO - [epoch 41] loss=0.021 in 18.5sec
2026-01-21 16:28:46,012 - cv.train - INFO - [quick_eval] detections >= 0.5: 1
2026-01-21 16:28:46,013 - cv.train - INFO - New best model found at epoch 41 with loss 0.021 (previous best was 0.031).
2026-01-21 16:28:46,013 - cv.train - INFO - Removing previous best model file ssd300_vgg16-32epoch-0.031-20260121-1615.pth.
2026-01-21 16:28:46,177 - cv.train - INFO - New best model saved to ssd300_vgg16-41epoch-0.021-20260121-1615.pth (0.021 < 0.031).
2026-01-21 16:29:04,789 - cv.train - INFO - [epoch 42] loss=0.056 in 18.5sec
2026-01-21 16:29:04,980 - cv.train - INFO - [quick_eval] detections >= 0.5: 1
2026-01-21 16:29:23,590 - cv.train - INFO - [epoch 43] loss=0.037 in 18.5sec
2026-01-21 16:29:23,780 - cv.train - INFO - [quick_eval] detections >= 0.5: 1
2026-01-21 16:29:42,398 - cv.train - INFO - [epoch 44] loss=0.048 in 18.5sec
2026-01-21 16:29:42,587 - cv.train - INFO - [quick_eval] detections >= 0.5: 1
2026-01-21 16:30:01,199 - cv.train - INFO - [epoch 45] loss=0.041 in 18.5sec
2026-01-21 16:30:01,390 - cv.train - INFO - [quick_eval] detections >= 0.5: 1
2026-01-21 16:30:20,011 - cv.train - INFO - [epoch 46] loss=0.026 in 18.5sec
2026-01-21 16:30:20,201 - cv.train - INFO - [quick_eval] detections >= 0.5: 1
2026-01-21 16:30:38,826 - cv.train - INFO - [epoch 47] loss=0.101 in 18.5sec
2026-01-21 16:30:39,014 - cv.train - INFO - [quick_eval] detections >= 0.5: 1
2026-01-21 16:30:57,658 - cv.train - INFO - [epoch 48] loss=0.027 in 18.5sec
2026-01-21 16:30:57,846 - cv.train - INFO - [quick_eval] detections >= 0.5: 1
2026-01-21 16:31:16,464 - cv.train - INFO - [epoch 49] loss=0.032 in 18.5sec
2026-01-21 16:31:16,652 - cv.train - INFO - [quick_eval] detections >= 0.5: 1
2026-01-21 16:31:35,298 - cv.train - INFO - [epoch 50] loss=0.029 in 18.5sec
2026-01-21 16:31:35,487 - cv.train - INFO - [quick_eval] detections >= 0.5: 1
2026-01-21 16:31:54,116 - cv.train - INFO - [epoch 51] loss=0.045 in 18.5sec
2026-01-21 16:31:54,306 - cv.train - INFO - [quick_eval] detections >= 0.5: 1
2026-01-21 16:32:12,927 - cv.train - INFO - [epoch 52] loss=0.031 in 18.5sec
2026-01-21 16:32:13,115 - cv.train - INFO - [quick_eval] detections >= 0.5: 1
2026-01-21 16:32:31,777 - cv.train - INFO - [epoch 53] loss=0.028 in 18.5sec
2026-01-21 16:32:31,963 - cv.train - INFO - [quick_eval] detections >= 0.5: 1
2026-01-21 16:32:50,599 - cv.train - INFO - [epoch 54] loss=0.050 in 18.5sec
2026-01-21 16:32:50,785 - cv.train - INFO - [quick_eval] detections >= 0.5: 1
2026-01-21 16:33:09,409 - cv.train - INFO - [epoch 55] loss=0.021 in 18.5sec
2026-01-21 16:33:09,598 - cv.train - INFO - [quick_eval] detections >= 0.5: 1
2026-01-21 16:33:09,599 - cv.train - INFO - New best model found at epoch 55 with loss 0.021 (previous best was 0.021).
2026-01-21 16:33:09,599 - cv.train - INFO - Removing previous best model file ssd300_vgg16-41epoch-0.021-20260121-1615.pth.
2026-01-21 16:33:09,758 - cv.train - INFO - New best model saved to ssd300_vgg16-55epoch-0.021-20260121-1615.pth (0.021 < 0.021).
2026-01-21 16:33:28,375 - cv.train - INFO - [epoch 56] loss=0.062 in 18.5sec
2026-01-21 16:33:28,571 - cv.train - INFO - [quick_eval] detections >= 0.5: 1
2026-01-21 16:33:47,196 - cv.train - INFO - [epoch 57] loss=0.031 in 18.5sec
2026-01-21 16:33:47,389 - cv.train - INFO - [quick_eval] detections >= 0.5: 1
2026-01-21 16:34:06,023 - cv.train - INFO - [epoch 58] loss=0.080 in 18.5sec
2026-01-21 16:34:06,209 - cv.train - INFO - [quick_eval] detections >= 0.5: 1
2026-01-21 16:34:24,833 - cv.train - INFO - [epoch 59] loss=0.027 in 18.5sec
2026-01-21 16:34:25,018 - cv.train - INFO - [quick_eval] detections >= 0.5: 1
2026-01-21 16:34:43,636 - cv.train - INFO - [epoch 60] loss=0.080 in 18.5sec
2026-01-21 16:34:43,821 - cv.train - INFO - [quick_eval] detections >= 0.5: 1
2026-01-21 16:35:02,436 - cv.train - INFO - [epoch 61] loss=0.031 in 18.5sec
2026-01-21 16:35:02,622 - cv.train - INFO - [quick_eval] detections >= 0.5: 1
2026-01-21 16:35:21,239 - cv.train - INFO - [epoch 62] loss=0.036 in 18.5sec
2026-01-21 16:35:21,424 - cv.train - INFO - [quick_eval] detections >= 0.5: 1
2026-01-21 16:35:40,060 - cv.train - INFO - [epoch 63] loss=0.021 in 18.5sec
2026-01-21 16:35:40,245 - cv.train - INFO - [quick_eval] detections >= 0.5: 1
2026-01-21 16:35:40,247 - cv.train - INFO - New best model found at epoch 63 with loss 0.021 (previous best was 0.021).
2026-01-21 16:35:40,247 - cv.train - INFO - Removing previous best model file ssd300_vgg16-55epoch-0.021-20260121-1615.pth.
2026-01-21 16:35:40,407 - cv.train - INFO - New best model saved to ssd300_vgg16-63epoch-0.021-20260121-1615.pth (0.021 < 0.021).
2026-01-21 16:35:59,017 - cv.train - INFO - [epoch 64] loss=0.019 in 18.5sec
2026-01-21 16:35:59,205 - cv.train - INFO - [quick_eval] detections >= 0.5: 1
2026-01-21 16:35:59,206 - cv.train - INFO - New best model found at epoch 64 with loss 0.019 (previous best was 0.021).
2026-01-21 16:35:59,207 - cv.train - INFO - Removing previous best model file ssd300_vgg16-63epoch-0.021-20260121-1615.pth.
2026-01-21 16:35:59,372 - cv.train - INFO - New best model saved to ssd300_vgg16-64epoch-0.019-20260121-1615.pth (0.019 < 0.021).
2026-01-21 16:36:17,997 - cv.train - INFO - [epoch 65] loss=0.027 in 18.5sec
2026-01-21 16:36:18,185 - cv.train - INFO - [quick_eval] detections >= 0.5: 1
2026-01-21 16:36:36,804 - cv.train - INFO - [epoch 66] loss=0.035 in 18.5sec
2026-01-21 16:36:36,991 - cv.train - INFO - [quick_eval] detections >= 0.5: 1
2026-01-21 16:36:55,617 - cv.train - INFO - [epoch 67] loss=0.019 in 18.5sec
2026-01-21 16:36:55,813 - cv.train - INFO - [quick_eval] detections >= 0.5: 1
2026-01-21 16:37:14,453 - cv.train - INFO - [epoch 68] loss=0.023 in 18.5sec
2026-01-21 16:37:14,640 - cv.train - INFO - [quick_eval] detections >= 0.5: 1
2026-01-21 16:37:33,286 - cv.train - INFO - [epoch 69] loss=0.026 in 18.5sec
2026-01-21 16:37:33,472 - cv.train - INFO - [quick_eval] detections >= 0.5: 1
2026-01-21 16:37:52,091 - cv.train - INFO - [epoch 70] loss=0.018 in 18.5sec
2026-01-21 16:37:52,277 - cv.train - INFO - [quick_eval] detections >= 0.5: 1
2026-01-21 16:37:52,278 - cv.train - INFO - New best model found at epoch 70 with loss 0.018 (previous best was 0.019).
2026-01-21 16:37:52,279 - cv.train - INFO - Removing previous best model file ssd300_vgg16-64epoch-0.019-20260121-1615.pth.
2026-01-21 16:37:52,444 - cv.train - INFO - New best model saved to ssd300_vgg16-70epoch-0.018-20260121-1615.pth (0.018 < 0.019).
2026-01-21 16:38:11,083 - cv.train - INFO - [epoch 71] loss=0.021 in 18.5sec
2026-01-21 16:38:11,269 - cv.train - INFO - [quick_eval] detections >= 0.5: 1
2026-01-21 16:38:29,903 - cv.train - INFO - [epoch 72] loss=0.032 in 18.5sec
2026-01-21 16:38:30,088 - cv.train - INFO - [quick_eval] detections >= 0.5: 1
2026-01-21 16:38:48,722 - cv.train - INFO - [epoch 73] loss=0.023 in 18.5sec
2026-01-21 16:38:48,917 - cv.train - INFO - [quick_eval] detections >= 0.5: 1
2026-01-21 16:39:07,544 - cv.train - INFO - [epoch 74] loss=0.019 in 18.5sec
2026-01-21 16:39:07,732 - cv.train - INFO - [quick_eval] detections >= 0.5: 1
2026-01-21 16:39:26,373 - cv.train - INFO - [epoch 75] loss=0.088 in 18.5sec
2026-01-21 16:39:26,576 - cv.train - INFO - [quick_eval] detections >= 0.5: 1
2026-01-21 16:39:45,207 - cv.train - INFO - [epoch 76] loss=0.087 in 18.5sec
2026-01-21 16:39:45,392 - cv.train - INFO - [quick_eval] detections >= 0.5: 1
2026-01-21 16:40:04,049 - cv.train - INFO - [epoch 77] loss=0.041 in 18.5sec
2026-01-21 16:40:04,240 - cv.train - INFO - [quick_eval] detections >= 0.5: 1
2026-01-21 16:40:22,866 - cv.train - INFO - [epoch 78] loss=0.020 in 18.5sec
2026-01-21 16:40:23,056 - cv.train - INFO - [quick_eval] detections >= 0.5: 1
2026-01-21 16:40:41,693 - cv.train - INFO - [epoch 79] loss=0.014 in 18.5sec
2026-01-21 16:40:41,881 - cv.train - INFO - [quick_eval] detections >= 0.5: 1
2026-01-21 16:40:41,882 - cv.train - INFO - New best model found at epoch 79 with loss 0.014 (previous best was 0.018).
2026-01-21 16:40:41,882 - cv.train - INFO - Removing previous best model file ssd300_vgg16-70epoch-0.018-20260121-1615.pth.
2026-01-21 16:40:42,049 - cv.train - INFO - New best model saved to ssd300_vgg16-79epoch-0.014-20260121-1615.pth (0.014 < 0.018).
2026-01-21 16:41:00,667 - cv.train - INFO - [epoch 80] loss=0.022 in 18.5sec
2026-01-21 16:41:00,857 - cv.train - INFO - [quick_eval] detections >= 0.5: 1
